{"/home/anoir/projects/onda-website/frontend/src/App.js": {"path":"/home/anoir/projects/onda-website/frontend/src/App.js","statementMap":{"0":{"start":{"line":28,"column":15},"end":{"line":28,"column":36}},"1":{"start":{"line":29,"column":2},"end":{"line":29,"column":53}},"2":{"start":{"line":33,"column":19},"end":{"line":33,"column":35}},"3":{"start":{"line":34,"column":28},"end":{"line":34,"column":59}},"4":{"start":{"line":35,"column":30},"end":{"line":35,"column":51}},"5":{"start":{"line":37,"column":2},"end":{"line":50,"column":22}},"6":{"start":{"line":38,"column":4},"end":{"line":38,"column":74}},"7":{"start":{"line":39,"column":4},"end":{"line":39,"column":50}},"8":{"start":{"line":40,"column":4},"end":{"line":40,"column":57}},"9":{"start":{"line":41,"column":4},"end":{"line":46,"column":5}},"10":{"start":{"line":42,"column":19},"end":{"line":42,"column":49}},"11":{"start":{"line":43,"column":6},"end":{"line":43,"column":30}},"12":{"start":{"line":44,"column":6},"end":{"line":44,"column":105}},"13":{"start":{"line":45,"column":6},"end":{"line":45,"column":38}},"14":{"start":{"line":47,"column":4},"end":{"line":49,"column":6}},"15":{"start":{"line":48,"column":6},"end":{"line":48,"column":92}},"16":{"start":{"line":52,"column":2},"end":{"line":55,"column":14}},"17":{"start":{"line":53,"column":4},"end":{"line":53,"column":62}},"18":{"start":{"line":54,"column":4},"end":{"line":54,"column":49}},"19":{"start":{"line":57,"column":2},"end":{"line":62,"column":9}},"20":{"start":{"line":58,"column":21},"end":{"line":60,"column":22}},"21":{"start":{"line":59,"column":6},"end":{"line":59,"column":32}},"22":{"start":{"line":61,"column":4},"end":{"line":61,"column":41}},"23":{"start":{"line":61,"column":17},"end":{"line":61,"column":40}},"24":{"start":{"line":64,"column":2},"end":{"line":67,"column":9}},"25":{"start":{"line":65,"column":20},"end":{"line":65,"column":57}},"26":{"start":{"line":65,"column":37},"end":{"line":65,"column":52}},"27":{"start":{"line":66,"column":4},"end":{"line":66,"column":39}},"28":{"start":{"line":66,"column":17},"end":{"line":66,"column":38}},"29":{"start":{"line":69,"column":2},"end":{"line":93,"column":4}},"30":{"start":{"line":96,"column":0},"end":{"line":98,"column":2}},"31":{"start":{"line":100,"column":0},"end":{"line":102,"column":2}},"32":{"start":{"line":105,"column":19},"end":{"line":105,"column":35}},"33":{"start":{"line":108,"column":20},"end":{"line":108,"column":62}},"34":{"start":{"line":110,"column":31},"end":{"line":115,"column":3}},"35":{"start":{"line":111,"column":4},"end":{"line":111,"column":45}},"36":{"start":{"line":112,"column":4},"end":{"line":112,"column":54}},"37":{"start":{"line":113,"column":4},"end":{"line":113,"column":49}},"38":{"start":{"line":114,"column":4},"end":{"line":114,"column":36}},"39":{"start":{"line":117,"column":15},"end":{"line":117,"column":24}},"40":{"start":{"line":119,"column":2},"end":{"line":124,"column":4}}},"fnMap":{"0":{"name":"getModeByTime","decl":{"start":{"line":27,"column":9},"end":{"line":27,"column":22}},"loc":{"start":{"line":27,"column":25},"end":{"line":30,"column":1}},"line":27},"1":{"name":"AppContent","decl":{"start":{"line":32,"column":9},"end":{"line":32,"column":19}},"loc":{"start":{"line":32,"column":30},"end":{"line":94,"column":1}},"line":32},"2":{"name":"(anonymous_2)","decl":{"start":{"line":37,"column":18},"end":{"line":37,"column":19}},"loc":{"start":{"line":37,"column":24},"end":{"line":50,"column":3}},"line":37},"3":{"name":"(anonymous_3)","decl":{"start":{"line":47,"column":11},"end":{"line":47,"column":12}},"loc":{"start":{"line":47,"column":17},"end":{"line":49,"column":5}},"line":47},"4":{"name":"(anonymous_4)","decl":{"start":{"line":52,"column":18},"end":{"line":52,"column":19}},"loc":{"start":{"line":52,"column":24},"end":{"line":55,"column":3}},"line":52},"5":{"name":"(anonymous_5)","decl":{"start":{"line":57,"column":18},"end":{"line":57,"column":19}},"loc":{"start":{"line":57,"column":24},"end":{"line":62,"column":3}},"line":57},"6":{"name":"(anonymous_6)","decl":{"start":{"line":58,"column":33},"end":{"line":58,"column":34}},"loc":{"start":{"line":58,"column":39},"end":{"line":60,"column":5}},"line":58},"7":{"name":"(anonymous_7)","decl":{"start":{"line":61,"column":11},"end":{"line":61,"column":12}},"loc":{"start":{"line":61,"column":17},"end":{"line":61,"column":40}},"line":61},"8":{"name":"(anonymous_8)","decl":{"start":{"line":64,"column":18},"end":{"line":64,"column":19}},"loc":{"start":{"line":64,"column":24},"end":{"line":67,"column":3}},"line":64},"9":{"name":"(anonymous_9)","decl":{"start":{"line":65,"column":31},"end":{"line":65,"column":32}},"loc":{"start":{"line":65,"column":37},"end":{"line":65,"column":52}},"line":65},"10":{"name":"(anonymous_10)","decl":{"start":{"line":66,"column":11},"end":{"line":66,"column":12}},"loc":{"start":{"line":66,"column":17},"end":{"line":66,"column":38}},"line":66},"11":{"name":"App","decl":{"start":{"line":104,"column":24},"end":{"line":104,"column":27}},"loc":{"start":{"line":104,"column":30},"end":{"line":125,"column":1}},"line":104},"12":{"name":"(anonymous_12)","decl":{"start":{"line":110,"column":31},"end":{"line":110,"column":32}},"loc":{"start":{"line":110,"column":47},"end":{"line":115,"column":3}},"line":110}},"branchMap":{"0":{"loc":{"start":{"line":29,"column":9},"end":{"line":29,"column":52}},"type":"cond-expr","locations":[{"start":{"line":29,"column":36},"end":{"line":29,"column":43}},{"start":{"line":29,"column":46},"end":{"line":29,"column":52}}],"line":29},"1":{"loc":{"start":{"line":29,"column":10},"end":{"line":29,"column":32}},"type":"binary-expr","locations":[{"start":{"line":29,"column":10},"end":{"line":29,"column":19}},{"start":{"line":29,"column":23},"end":{"line":29,"column":32}}],"line":29},"2":{"loc":{"start":{"line":38,"column":35},"end":{"line":38,"column":73}},"type":"cond-expr","locations":[{"start":{"line":38,"column":60},"end":{"line":38,"column":65}},{"start":{"line":38,"column":68},"end":{"line":38,"column":73}}],"line":38},"3":{"loc":{"start":{"line":41,"column":4},"end":{"line":46,"column":5}},"type":"if","locations":[{"start":{"line":41,"column":4},"end":{"line":46,"column":5}},{"start":{},"end":{}}],"line":41},"4":{"loc":{"start":{"line":72,"column":69},"end":{"line":72,"column":102}},"type":"cond-expr","locations":[{"start":{"line":72,"column":76},"end":{"line":72,"column":97}},{"start":{"line":72,"column":100},"end":{"line":72,"column":102}}],"line":72},"5":{"loc":{"start":{"line":74,"column":70},"end":{"line":74,"column":94}},"type":"cond-expr","locations":[{"start":{"line":74,"column":79},"end":{"line":74,"column":89}},{"start":{"line":74,"column":92},"end":{"line":74,"column":94}}],"line":74}},"s":{"0":0,"1":0,"2":0,"3":0,"4":0,"5":0,"6":0,"7":0,"8":0,"9":0,"10":0,"11":0,"12":0,"13":0,"14":0,"15":0,"16":0,"17":0,"18":0,"19":0,"20":0,"21":0,"22":0,"23":0,"24":0,"25":0,"26":0,"27":0,"28":0,"29":0,"30":0,"31":0,"32":0,"33":0,"34":0,"35":0,"36":0,"37":0,"38":0,"39":0,"40":0},"f":{"0":0,"1":0,"2":0,"3":0,"4":0,"5":0,"6":0,"7":0,"8":0,"9":0,"10":0,"11":0,"12":0},"b":{"0":[0,0],"1":[0,0],"2":[0,0],"3":[0,0],"4":[0,0],"5":[0,0]}}
,"/home/anoir/projects/onda-website/frontend/src/FlightLoader.js": {"path":"/home/anoir/projects/onda-website/frontend/src/FlightLoader.js","statementMap":{"0":{"start":{"line":4,"column":21},"end":{"line":31,"column":1}},"1":{"start":{"line":5,"column":2},"end":{"line":30,"column":8}}},"fnMap":{"0":{"name":"(anonymous_0)","decl":{"start":{"line":4,"column":21},"end":{"line":4,"column":22}},"loc":{"start":{"line":5,"column":2},"end":{"line":30,"column":8}},"line":5}},"branchMap":{},"s":{"0":0,"1":0},"f":{"0":0},"b":{}}
,"/home/anoir/projects/onda-website/frontend/src/LoaderContext.js": {"path":"/home/anoir/projects/onda-website/frontend/src/LoaderContext.js","statementMap":{"0":{"start":{"line":5,"column":22},"end":{"line":5,"column":41}},"1":{"start":{"line":8,"column":14},"end":{"line":8,"column":39}},"2":{"start":{"line":9,"column":2},"end":{"line":11,"column":3}},"3":{"start":{"line":10,"column":4},"end":{"line":10,"column":70}},"4":{"start":{"line":12,"column":2},"end":{"line":12,"column":13}},"5":{"start":{"line":16,"column":32},"end":{"line":16,"column":47}},"6":{"start":{"line":19,"column":16},"end":{"line":19,"column":67}},"7":{"start":{"line":19,"column":31},"end":{"line":19,"column":54}},"8":{"start":{"line":21,"column":2},"end":{"line":25,"column":4}},"9":{"start":{"line":28,"column":0},"end":{"line":31,"column":2}}},"fnMap":{"0":{"name":"useLoader","decl":{"start":{"line":7,"column":16},"end":{"line":7,"column":25}},"loc":{"start":{"line":7,"column":28},"end":{"line":13,"column":1}},"line":7},"1":{"name":"LoaderProvider","decl":{"start":{"line":15,"column":16},"end":{"line":15,"column":30}},"loc":{"start":{"line":15,"column":45},"end":{"line":26,"column":1}},"line":15},"2":{"name":"(anonymous_2)","decl":{"start":{"line":19,"column":24},"end":{"line":19,"column":25}},"loc":{"start":{"line":19,"column":31},"end":{"line":19,"column":54}},"line":19}},"branchMap":{"0":{"loc":{"start":{"line":9,"column":2},"end":{"line":11,"column":3}},"type":"if","locations":[{"start":{"line":9,"column":2},"end":{"line":11,"column":3}},{"start":{},"end":{}}],"line":9}},"s":{"0":0,"1":0,"2":0,"3":0,"4":0,"5":0,"6":0,"7":0,"8":0,"9":0},"f":{"0":0,"1":0,"2":0},"b":{"0":[0,0]}}
,"/home/anoir/projects/onda-website/frontend/src/ScrollToTop.js": {"path":"/home/anoir/projects/onda-website/frontend/src/ScrollToTop.js","statementMap":{"0":{"start":{"line":5,"column":23},"end":{"line":5,"column":36}},"1":{"start":{"line":7,"column":2},"end":{"line":9,"column":17}},"2":{"start":{"line":8,"column":4},"end":{"line":8,"column":62}},"3":{"start":{"line":11,"column":2},"end":{"line":11,"column":14}}},"fnMap":{"0":{"name":"ScrollToTop","decl":{"start":{"line":4,"column":24},"end":{"line":4,"column":35}},"loc":{"start":{"line":4,"column":38},"end":{"line":12,"column":1}},"line":4},"1":{"name":"(anonymous_1)","decl":{"start":{"line":7,"column":12},"end":{"line":7,"column":13}},"loc":{"start":{"line":7,"column":18},"end":{"line":9,"column":3}},"line":7}},"branchMap":{},"s":{"0":0,"1":0,"2":0,"3":0},"f":{"0":0,"1":0},"b":{}}
,"/home/anoir/projects/onda-website/frontend/src/i18n.js": {"path":"/home/anoir/projects/onda-website/frontend/src/i18n.js","statementMap":{"0":{"start":{"line":1,"column":0},"end":{"line":1,"column":11}},"1":{"start":{"line":9,"column":2},"end":{"line":27,"column":3}},"2":{"start":{"line":10,"column":16},"end":{"line":14,"column":6}},"3":{"start":{"line":16,"column":4},"end":{"line":18,"column":5}},"4":{"start":{"line":17,"column":6},"end":{"line":17,"column":64}},"5":{"start":{"line":20,"column":17},"end":{"line":20,"column":33}},"6":{"start":{"line":22,"column":4},"end":{"line":22,"column":40}},"7":{"start":{"line":25,"column":4},"end":{"line":25,"column":43}},"8":{"start":{"line":26,"column":4},"end":{"line":26,"column":16}},"9":{"start":{"line":32,"column":2},"end":{"line":37,"column":3}},"10":{"start":{"line":33,"column":4},"end":{"line":33,"column":68}},"11":{"start":{"line":35,"column":4},"end":{"line":35,"column":42}},"12":{"start":{"line":36,"column":4},"end":{"line":36,"column":16}},"13":{"start":{"line":41,"column":2},"end":{"line":45,"column":3}},"14":{"start":{"line":42,"column":4},"end":{"line":42,"column":68}},"15":{"start":{"line":44,"column":4},"end":{"line":44,"column":43}},"16":{"start":{"line":48,"column":0},"end":{"line":115,"column":5}},"17":{"start":{"line":86,"column":6},"end":{"line":86,"column":23}},"18":{"start":{"line":86,"column":16},"end":{"line":86,"column":23}},"19":{"start":{"line":89,"column":21},"end":{"line":89,"column":43}},"20":{"start":{"line":90,"column":6},"end":{"line":95,"column":7}},"21":{"start":{"line":91,"column":8},"end":{"line":91,"column":47}},"22":{"start":{"line":93,"column":8},"end":{"line":93,"column":41}},"23":{"start":{"line":94,"column":8},"end":{"line":94,"column":15}},"24":{"start":{"line":98,"column":25},"end":{"line":98,"column":45}},"25":{"start":{"line":99,"column":25},"end":{"line":99,"column":58}},"26":{"start":{"line":102,"column":6},"end":{"line":113,"column":7}},"27":{"start":{"line":103,"column":8},"end":{"line":112,"column":13}},"28":{"start":{"line":105,"column":12},"end":{"line":105,"column":36}},"29":{"start":{"line":105,"column":29},"end":{"line":105,"column":36}},"30":{"start":{"line":106,"column":12},"end":{"line":106,"column":47}},"31":{"start":{"line":107,"column":12},"end":{"line":107,"column":55}},"32":{"start":{"line":108,"column":12},"end":{"line":108,"column":45}},"33":{"start":{"line":111,"column":12},"end":{"line":111,"column":72}}},"fnMap":{"0":{"name":"translateViaServer","decl":{"start":{"line":8,"column":15},"end":{"line":8,"column":33}},"loc":{"start":{"line":8,"column":64},"end":{"line":28,"column":1}},"line":8},"1":{"name":"getCache","decl":{"start":{"line":31,"column":9},"end":{"line":31,"column":17}},"loc":{"start":{"line":31,"column":32},"end":{"line":38,"column":1}},"line":31},"2":{"name":"setCache","decl":{"start":{"line":40,"column":9},"end":{"line":40,"column":17}},"loc":{"start":{"line":40,"column":39},"end":{"line":46,"column":1}},"line":40},"3":{"name":"(anonymous_3)","decl":{"start":{"line":84,"column":23},"end":{"line":84,"column":24}},"loc":{"start":{"line":84,"column":56},"end":{"line":114,"column":5}},"line":84},"4":{"name":"(anonymous_4)","decl":{"start":{"line":104,"column":16},"end":{"line":104,"column":17}},"loc":{"start":{"line":104,"column":32},"end":{"line":109,"column":11}},"line":104},"5":{"name":"(anonymous_5)","decl":{"start":{"line":110,"column":17},"end":{"line":110,"column":18}},"loc":{"start":{"line":110,"column":28},"end":{"line":112,"column":11}},"line":110}},"branchMap":{"0":{"loc":{"start":{"line":8,"column":47},"end":{"line":8,"column":60}},"type":"default-arg","locations":[{"start":{"line":8,"column":56},"end":{"line":8,"column":60}}],"line":8},"1":{"loc":{"start":{"line":16,"column":4},"end":{"line":18,"column":5}},"type":"if","locations":[{"start":{"line":16,"column":4},"end":{"line":18,"column":5}},{"start":{},"end":{}}],"line":16},"2":{"loc":{"start":{"line":22,"column":11},"end":{"line":22,"column":39}},"type":"binary-expr","locations":[{"start":{"line":22,"column":11},"end":{"line":22,"column":31}},{"start":{"line":22,"column":35},"end":{"line":22,"column":39}}],"line":22},"3":{"loc":{"start":{"line":86,"column":6},"end":{"line":86,"column":23}},"type":"if","locations":[{"start":{"line":86,"column":6},"end":{"line":86,"column":23}},{"start":{},"end":{}}],"line":86},"4":{"loc":{"start":{"line":90,"column":6},"end":{"line":95,"column":7}},"type":"if","locations":[{"start":{"line":90,"column":6},"end":{"line":95,"column":7}},{"start":{},"end":{}}],"line":90},"5":{"loc":{"start":{"line":98,"column":25},"end":{"line":98,"column":45}},"type":"binary-expr","locations":[{"start":{"line":98,"column":25},"end":{"line":98,"column":38}},{"start":{"line":98,"column":42},"end":{"line":98,"column":45}}],"line":98},"6":{"loc":{"start":{"line":99,"column":25},"end":{"line":99,"column":58}},"type":"cond-expr","locations":[{"start":{"line":99,"column":46},"end":{"line":99,"column":52}},{"start":{"line":99,"column":55},"end":{"line":99,"column":58}}],"line":99},"7":{"loc":{"start":{"line":102,"column":6},"end":{"line":113,"column":7}},"type":"if","locations":[{"start":{"line":102,"column":6},"end":{"line":113,"column":7}},{"start":{},"end":{}}],"line":102},"8":{"loc":{"start":{"line":105,"column":12},"end":{"line":105,"column":36}},"type":"if","locations":[{"start":{"line":105,"column":12},"end":{"line":105,"column":36}},{"start":{},"end":{}}],"line":105}},"s":{"0":0,"1":0,"2":0,"3":0,"4":0,"5":0,"6":0,"7":0,"8":0,"9":0,"10":0,"11":0,"12":0,"13":0,"14":0,"15":0,"16":0,"17":0,"18":0,"19":0,"20":0,"21":0,"22":0,"23":0,"24":0,"25":0,"26":0,"27":0,"28":0,"29":0,"30":0,"31":0,"32":0,"33":0},"f":{"0":0,"1":0,"2":0,"3":0,"4":0,"5":0},"b":{"0":[0],"1":[0,0],"2":[0,0],"3":[0,0],"4":[0,0],"5":[0,0],"6":[0,0],"7":[0,0],"8":[0,0]}}
,"/home/anoir/projects/onda-website/frontend/src/index.js": {"path":"/home/anoir/projects/onda-website/frontend/src/index.js","statementMap":{"0":{"start":{"line":7,"column":13},"end":{"line":7,"column":65}},"1":{"start":{"line":8,"column":0},"end":{"line":12,"column":2}}},"fnMap":{},"branchMap":{},"s":{"0":0,"1":0},"f":{},"b":{}}
,"/home/anoir/projects/onda-website/frontend/src/reportWebVitals.js": {"path":"/home/anoir/projects/onda-website/frontend/src/reportWebVitals.js","statementMap":{"0":{"start":{"line":1,"column":24},"end":{"line":11,"column":1}},"1":{"start":{"line":2,"column":2},"end":{"line":10,"column":3}},"2":{"start":{"line":3,"column":4},"end":{"line":9,"column":7}},"3":{"start":{"line":4,"column":6},"end":{"line":4,"column":26}},"4":{"start":{"line":5,"column":6},"end":{"line":5,"column":26}},"5":{"start":{"line":6,"column":6},"end":{"line":6,"column":26}},"6":{"start":{"line":7,"column":6},"end":{"line":7,"column":26}},"7":{"start":{"line":8,"column":6},"end":{"line":8,"column":27}}},"fnMap":{"0":{"name":"(anonymous_0)","decl":{"start":{"line":1,"column":24},"end":{"line":1,"column":25}},"loc":{"start":{"line":1,"column":39},"end":{"line":11,"column":1}},"line":1},"1":{"name":"(anonymous_1)","decl":{"start":{"line":3,"column":30},"end":{"line":3,"column":31}},"loc":{"start":{"line":3,"column":79},"end":{"line":9,"column":5}},"line":3}},"branchMap":{"0":{"loc":{"start":{"line":2,"column":2},"end":{"line":10,"column":3}},"type":"if","locations":[{"start":{"line":2,"column":2},"end":{"line":10,"column":3}},{"start":{},"end":{}}],"line":2},"1":{"loc":{"start":{"line":2,"column":6},"end":{"line":2,"column":52}},"type":"binary-expr","locations":[{"start":{"line":2,"column":6},"end":{"line":2,"column":17}},{"start":{"line":2,"column":21},"end":{"line":2,"column":52}}],"line":2}},"s":{"0":0,"1":0,"2":0,"3":0,"4":0,"5":0,"6":0,"7":0},"f":{"0":0,"1":0},"b":{"0":[0,0],"1":[0,0]}}
,"/home/anoir/projects/onda-website/frontend/src/components/FAQ/FAQ.js": {"path":"/home/anoir/projects/onda-website/frontend/src/components/FAQ/FAQ.js","statementMap":{"0":{"start":{"line":5,"column":16},"end":{"line":21,"column":1}},"1":{"start":{"line":24,"column":22},"end":{"line":24,"column":46}},"2":{"start":{"line":25,"column":32},"end":{"line":25,"column":46}},"3":{"start":{"line":26,"column":16},"end":{"line":26,"column":36}},"4":{"start":{"line":28,"column":17},"end":{"line":28,"column":66}},"5":{"start":{"line":28,"column":26},"end":{"line":28,"column":66}},"6":{"start":{"line":30,"column":2},"end":{"line":60,"column":4}},"7":{"start":{"line":35,"column":25},"end":{"line":35,"column":52}},"8":{"start":{"line":36,"column":26},"end":{"line":36,"column":47}},"9":{"start":{"line":37,"column":25},"end":{"line":37,"column":43}},"10":{"start":{"line":38,"column":10},"end":{"line":56,"column":12}},"11":{"start":{"line":42,"column":31},"end":{"line":42,"column":45}}},"fnMap":{"0":{"name":"FAQ","decl":{"start":{"line":23,"column":24},"end":{"line":23,"column":27}},"loc":{"start":{"line":23,"column":30},"end":{"line":61,"column":1}},"line":23},"1":{"name":"(anonymous_1)","decl":{"start":{"line":28,"column":17},"end":{"line":28,"column":18}},"loc":{"start":{"line":28,"column":26},"end":{"line":28,"column":66}},"line":28},"2":{"name":"(anonymous_2)","decl":{"start":{"line":34,"column":21},"end":{"line":34,"column":22}},"loc":{"start":{"line":34,"column":31},"end":{"line":57,"column":9}},"line":34},"3":{"name":"(anonymous_3)","decl":{"start":{"line":42,"column":25},"end":{"line":42,"column":26}},"loc":{"start":{"line":42,"column":31},"end":{"line":42,"column":45}},"line":42}},"branchMap":{"0":{"loc":{"start":{"line":28,"column":37},"end":{"line":28,"column":65}},"type":"cond-expr","locations":[{"start":{"line":28,"column":55},"end":{"line":28,"column":59}},{"start":{"line":28,"column":62},"end":{"line":28,"column":65}}],"line":28},"1":{"loc":{"start":{"line":31,"column":39},"end":{"line":31,"column":60}},"type":"cond-expr","locations":[{"start":{"line":31,"column":47},"end":{"line":31,"column":52}},{"start":{"line":31,"column":55},"end":{"line":31,"column":60}}],"line":31},"2":{"loc":{"start":{"line":39,"column":53},"end":{"line":39,"column":73}},"type":"cond-expr","locations":[{"start":{"line":39,"column":62},"end":{"line":39,"column":68}},{"start":{"line":39,"column":71},"end":{"line":39,"column":73}}],"line":39},"3":{"loc":{"start":{"line":47,"column":47},"end":{"line":47,"column":65}},"type":"cond-expr","locations":[{"start":{"line":47,"column":56},"end":{"line":47,"column":59}},{"start":{"line":47,"column":62},"end":{"line":47,"column":65}}],"line":47},"4":{"loc":{"start":{"line":50,"column":15},"end":{"line":54,"column":15}},"type":"binary-expr","locations":[{"start":{"line":50,"column":15},"end":{"line":50,"column":21}},{"start":{"line":51,"column":16},"end":{"line":53,"column":22}}],"line":50}},"s":{"0":0,"1":0,"2":0,"3":0,"4":0,"5":0,"6":0,"7":0,"8":0,"9":0,"10":0,"11":0},"f":{"0":0,"1":0,"2":0,"3":0},"b":{"0":[0,0],"1":[0,0],"2":[0,0],"3":[0,0],"4":[0,0]}}
,"/home/anoir/projects/onda-website/frontend/src/components/airports/AirportList.js": {"path":"/home/anoir/projects/onda-website/frontend/src/components/airports/AirportList.js","statementMap":{"0":{"start":{"line":13,"column":21},"end":{"line":34,"column":1}},"1":{"start":{"line":37,"column":24},"end":{"line":43,"column":3}},"2":{"start":{"line":37,"column":83},"end":{"line":43,"column":1}},"3":{"start":{"line":45,"column":21},"end":{"line":51,"column":2}},"4":{"start":{"line":54,"column":20},"end":{"line":87,"column":2}},"5":{"start":{"line":55,"column":16},"end":{"line":55,"column":32}},"6":{"start":{"line":57,"column":16},"end":{"line":57,"column":51}},"7":{"start":{"line":58,"column":15},"end":{"line":58,"column":42}},"8":{"start":{"line":59,"column":15},"end":{"line":59,"column":50}},"9":{"start":{"line":61,"column":2},"end":{"line":86,"column":4}},"10":{"start":{"line":89,"column":0},"end":{"line":91,"column":2}},"11":{"start":{"line":93,"column":20},"end":{"line":116,"column":1}},"12":{"start":{"line":94,"column":16},"end":{"line":94,"column":32}},"13":{"start":{"line":95,"column":32},"end":{"line":95,"column":46}},"14":{"start":{"line":97,"column":2},"end":{"line":100,"column":9}},"15":{"start":{"line":98,"column":20},"end":{"line":98,"column":61}},"16":{"start":{"line":98,"column":37},"end":{"line":98,"column":54}},"17":{"start":{"line":99,"column":4},"end":{"line":99,"column":39}},"18":{"start":{"line":99,"column":17},"end":{"line":99,"column":38}},"19":{"start":{"line":102,"column":2},"end":{"line":102,"column":39}},"20":{"start":{"line":102,"column":15},"end":{"line":102,"column":39}},"21":{"start":{"line":104,"column":2},"end":{"line":115,"column":4}},"22":{"start":{"line":110,"column":12},"end":{"line":110,"column":64}}},"fnMap":{"0":{"name":"(anonymous_0)","decl":{"start":{"line":37,"column":41},"end":{"line":37,"column":42}},"loc":{"start":{"line":37,"column":83},"end":{"line":43,"column":1}},"line":37},"1":{"name":"AirportCard","decl":{"start":{"line":54,"column":34},"end":{"line":54,"column":45}},"loc":{"start":{"line":54,"column":59},"end":{"line":87,"column":1}},"line":54},"2":{"name":"(anonymous_2)","decl":{"start":{"line":93,"column":20},"end":{"line":93,"column":21}},"loc":{"start":{"line":93,"column":26},"end":{"line":116,"column":1}},"line":93},"3":{"name":"(anonymous_3)","decl":{"start":{"line":97,"column":12},"end":{"line":97,"column":13}},"loc":{"start":{"line":97,"column":18},"end":{"line":100,"column":3}},"line":97},"4":{"name":"(anonymous_4)","decl":{"start":{"line":98,"column":31},"end":{"line":98,"column":32}},"loc":{"start":{"line":98,"column":37},"end":{"line":98,"column":54}},"line":98},"5":{"name":"(anonymous_5)","decl":{"start":{"line":99,"column":11},"end":{"line":99,"column":12}},"loc":{"start":{"line":99,"column":17},"end":{"line":99,"column":38}},"line":99},"6":{"name":"(anonymous_6)","decl":{"start":{"line":109,"column":24},"end":{"line":109,"column":25}},"loc":{"start":{"line":110,"column":12},"end":{"line":110,"column":64}},"line":110}},"branchMap":{"0":{"loc":{"start":{"line":102,"column":2},"end":{"line":102,"column":39}},"type":"if","locations":[{"start":{"line":102,"column":2},"end":{"line":102,"column":39}},{"start":{},"end":{}}],"line":102}},"s":{"0":0,"1":0,"2":0,"3":0,"4":0,"5":0,"6":0,"7":0,"8":0,"9":0,"10":0,"11":0,"12":0,"13":0,"14":0,"15":0,"16":0,"17":0,"18":0,"19":0,"20":0,"21":0,"22":0},"f":{"0":0,"1":0,"2":0,"3":0,"4":0,"5":0,"6":0},"b":{"0":[0,0]}}
,"/home/anoir/projects/onda-website/frontend/src/components/chatbot/Chatbot.js": {"path":"/home/anoir/projects/onda-website/frontend/src/components/chatbot/Chatbot.js","statementMap":{"0":{"start":{"line":5,"column":16},"end":{"line":183,"column":1}},"1":{"start":{"line":6,"column":22},"end":{"line":6,"column":38}},"2":{"start":{"line":7,"column":30},"end":{"line":7,"column":45}},"3":{"start":{"line":8,"column":34},"end":{"line":8,"column":46}},"4":{"start":{"line":9,"column":28},"end":{"line":9,"column":40}},"5":{"start":{"line":10,"column":32},"end":{"line":10,"column":47}},"6":{"start":{"line":11,"column":48},"end":{"line":11,"column":63}},"7":{"start":{"line":14,"column":16},"end":{"line":14,"column":25}},"8":{"start":{"line":15,"column":16},"end":{"line":15,"column":56}},"9":{"start":{"line":15,"column":22},"end":{"line":15,"column":56}},"10":{"start":{"line":18,"column":2},"end":{"line":21,"column":10}},"11":{"start":{"line":19,"column":4},"end":{"line":19,"column":78}},"12":{"start":{"line":24,"column":2},"end":{"line":29,"column":17}},"13":{"start":{"line":25,"column":30},"end":{"line":25,"column":70}},"14":{"start":{"line":26,"column":4},"end":{"line":28,"column":5}},"15":{"start":{"line":27,"column":6},"end":{"line":27,"column":67}},"16":{"start":{"line":31,"column":21},"end":{"line":34,"column":3}},"17":{"start":{"line":32,"column":4},"end":{"line":32,"column":23}},"18":{"start":{"line":33,"column":4},"end":{"line":33,"column":30}},"19":{"start":{"line":36,"column":22},"end":{"line":85,"column":3}},"20":{"start":{"line":37,"column":4},"end":{"line":37,"column":41}},"21":{"start":{"line":37,"column":34},"end":{"line":37,"column":41}},"22":{"start":{"line":39,"column":24},"end":{"line":39,"column":68}},"23":{"start":{"line":40,"column":4},"end":{"line":40,"column":48}},"24":{"start":{"line":40,"column":24},"end":{"line":40,"column":46}},"25":{"start":{"line":41,"column":4},"end":{"line":41,"column":17}},"26":{"start":{"line":42,"column":4},"end":{"line":42,"column":21}},"27":{"start":{"line":43,"column":4},"end":{"line":43,"column":30}},"28":{"start":{"line":45,"column":4},"end":{"line":84,"column":5}},"29":{"start":{"line":46,"column":23},"end":{"line":54,"column":8}},"30":{"start":{"line":56,"column":6},"end":{"line":56,"column":61}},"31":{"start":{"line":56,"column":24},"end":{"line":56,"column":61}},"32":{"start":{"line":58,"column":19},"end":{"line":58,"column":40}},"33":{"start":{"line":59,"column":6},"end":{"line":59,"column":50}},"34":{"start":{"line":59,"column":22},"end":{"line":59,"column":50}},"35":{"start":{"line":61,"column":6},"end":{"line":69,"column":9}},"36":{"start":{"line":61,"column":26},"end":{"line":69,"column":7}},"37":{"start":{"line":71,"column":6},"end":{"line":71,"column":45}},"38":{"start":{"line":72,"column":6},"end":{"line":80,"column":9}},"39":{"start":{"line":72,"column":26},"end":{"line":80,"column":7}},"40":{"start":{"line":81,"column":6},"end":{"line":81,"column":31}},"41":{"start":{"line":83,"column":6},"end":{"line":83,"column":24}},"42":{"start":{"line":87,"column":24},"end":{"line":92,"column":3}},"43":{"start":{"line":88,"column":4},"end":{"line":91,"column":5}},"44":{"start":{"line":89,"column":6},"end":{"line":89,"column":25}},"45":{"start":{"line":90,"column":6},"end":{"line":90,"column":20}},"46":{"start":{"line":94,"column":2},"end":{"line":182,"column":4}},"47":{"start":{"line":111,"column":14},"end":{"line":121,"column":20}},"48":{"start":{"line":144,"column":29},"end":{"line":144,"column":53}}},"fnMap":{"0":{"name":"(anonymous_0)","decl":{"start":{"line":5,"column":16},"end":{"line":5,"column":17}},"loc":{"start":{"line":5,"column":22},"end":{"line":183,"column":1}},"line":5},"1":{"name":"(anonymous_1)","decl":{"start":{"line":15,"column":16},"end":{"line":15,"column":17}},"loc":{"start":{"line":15,"column":22},"end":{"line":15,"column":56}},"line":15},"2":{"name":"(anonymous_2)","decl":{"start":{"line":18,"column":12},"end":{"line":18,"column":13}},"loc":{"start":{"line":18,"column":18},"end":{"line":21,"column":3}},"line":18},"3":{"name":"(anonymous_3)","decl":{"start":{"line":24,"column":12},"end":{"line":24,"column":13}},"loc":{"start":{"line":24,"column":18},"end":{"line":29,"column":3}},"line":24},"4":{"name":"(anonymous_4)","decl":{"start":{"line":31,"column":21},"end":{"line":31,"column":22}},"loc":{"start":{"line":31,"column":27},"end":{"line":34,"column":3}},"line":31},"5":{"name":"(anonymous_5)","decl":{"start":{"line":36,"column":22},"end":{"line":36,"column":23}},"loc":{"start":{"line":36,"column":34},"end":{"line":85,"column":3}},"line":36},"6":{"name":"(anonymous_6)","decl":{"start":{"line":40,"column":16},"end":{"line":40,"column":17}},"loc":{"start":{"line":40,"column":24},"end":{"line":40,"column":46}},"line":40},"7":{"name":"(anonymous_7)","decl":{"start":{"line":61,"column":18},"end":{"line":61,"column":19}},"loc":{"start":{"line":61,"column":26},"end":{"line":69,"column":7}},"line":61},"8":{"name":"(anonymous_8)","decl":{"start":{"line":72,"column":18},"end":{"line":72,"column":19}},"loc":{"start":{"line":72,"column":26},"end":{"line":80,"column":7}},"line":72},"9":{"name":"(anonymous_9)","decl":{"start":{"line":87,"column":24},"end":{"line":87,"column":25}},"loc":{"start":{"line":87,"column":31},"end":{"line":92,"column":3}},"line":87},"10":{"name":"(anonymous_10)","decl":{"start":{"line":110,"column":26},"end":{"line":110,"column":27}},"loc":{"start":{"line":111,"column":14},"end":{"line":121,"column":20}},"line":111},"11":{"name":"(anonymous_11)","decl":{"start":{"line":144,"column":24},"end":{"line":144,"column":25}},"loc":{"start":{"line":144,"column":29},"end":{"line":144,"column":53}},"line":144}},"branchMap":{"0":{"loc":{"start":{"line":26,"column":4},"end":{"line":28,"column":5}},"type":"if","locations":[{"start":{"line":26,"column":4},"end":{"line":28,"column":5}},{"start":{},"end":{}}],"line":26},"1":{"loc":{"start":{"line":37,"column":4},"end":{"line":37,"column":41}},"type":"if","locations":[{"start":{"line":37,"column":4},"end":{"line":37,"column":41}},{"start":{},"end":{}}],"line":37},"2":{"loc":{"start":{"line":37,"column":8},"end":{"line":37,"column":32}},"type":"binary-expr","locations":[{"start":{"line":37,"column":8},"end":{"line":37,"column":21}},{"start":{"line":37,"column":25},"end":{"line":37,"column":32}}],"line":37},"3":{"loc":{"start":{"line":56,"column":6},"end":{"line":56,"column":61}},"type":"if","locations":[{"start":{"line":56,"column":6},"end":{"line":56,"column":61}},{"start":{},"end":{}}],"line":56},"4":{"loc":{"start":{"line":59,"column":6},"end":{"line":59,"column":50}},"type":"if","locations":[{"start":{"line":59,"column":6},"end":{"line":59,"column":50}},{"start":{},"end":{}}],"line":59},"5":{"loc":{"start":{"line":65,"column":16},"end":{"line":65,"column":59}},"type":"binary-expr","locations":[{"start":{"line":65,"column":16},"end":{"line":65,"column":26}},{"start":{"line":65,"column":30},"end":{"line":65,"column":59}}],"line":65},"6":{"loc":{"start":{"line":88,"column":4},"end":{"line":91,"column":5}},"type":"if","locations":[{"start":{"line":88,"column":4},"end":{"line":91,"column":5}},{"start":{},"end":{}}],"line":88},"7":{"loc":{"start":{"line":88,"column":8},"end":{"line":88,"column":40}},"type":"binary-expr","locations":[{"start":{"line":88,"column":8},"end":{"line":88,"column":25}},{"start":{"line":88,"column":29},"end":{"line":88,"column":40}}],"line":88},"8":{"loc":{"start":{"line":95,"column":41},"end":{"line":95,"column":76}},"type":"cond-expr","locations":[{"start":{"line":95,"column":66},"end":{"line":95,"column":71}},{"start":{"line":95,"column":74},"end":{"line":95,"column":76}}],"line":95},"9":{"loc":{"start":{"line":96,"column":7},"end":{"line":180,"column":7}},"type":"cond-expr","locations":[{"start":{"line":97,"column":8},"end":{"line":162,"column":14}},{"start":{"line":164,"column":8},"end":{"line":179,"column":17}}],"line":96},"10":{"loc":{"start":{"line":113,"column":52},"end":{"line":113,"column":78}},"type":"cond-expr","locations":[{"start":{"line":113,"column":66},"end":{"line":113,"column":73}},{"start":{"line":113,"column":76},"end":{"line":113,"column":78}}],"line":113},"11":{"loc":{"start":{"line":116,"column":17},"end":{"line":120,"column":17}},"type":"binary-expr","locations":[{"start":{"line":116,"column":17},"end":{"line":116,"column":28}},{"start":{"line":117,"column":18},"end":{"line":119,"column":24}}],"line":116},"12":{"loc":{"start":{"line":124,"column":13},"end":{"line":132,"column":13}},"type":"binary-expr","locations":[{"start":{"line":124,"column":13},"end":{"line":124,"column":20}},{"start":{"line":125,"column":14},"end":{"line":131,"column":20}}],"line":124},"13":{"loc":{"start":{"line":134,"column":13},"end":{"line":138,"column":13}},"type":"binary-expr","locations":[{"start":{"line":134,"column":13},"end":{"line":134,"column":28}},{"start":{"line":135,"column":14},"end":{"line":137,"column":20}}],"line":134},"14":{"loc":{"start":{"line":152,"column":24},"end":{"line":152,"column":48}},"type":"binary-expr","locations":[{"start":{"line":152,"column":24},"end":{"line":152,"column":31}},{"start":{"line":152,"column":35},"end":{"line":152,"column":48}}],"line":152},"15":{"loc":{"start":{"line":155,"column":15},"end":{"line":159,"column":15}},"type":"cond-expr","locations":[{"start":{"line":156,"column":16},"end":{"line":156,"column":47}},{"start":{"line":158,"column":16},"end":{"line":158,"column":54}}],"line":155},"16":{"loc":{"start":{"line":165,"column":36},"end":{"line":165,"column":66}},"type":"cond-expr","locations":[{"start":{"line":165,"column":54},"end":{"line":165,"column":61}},{"start":{"line":165,"column":64},"end":{"line":165,"column":66}}],"line":165},"17":{"loc":{"start":{"line":169,"column":11},"end":{"line":178,"column":11}},"type":"cond-expr","locations":[{"start":{"line":170,"column":12},"end":{"line":170,"column":57}},{"start":{"line":172,"column":12},"end":{"line":177,"column":14}}],"line":169}},"s":{"0":0,"1":0,"2":0,"3":0,"4":0,"5":0,"6":0,"7":0,"8":0,"9":0,"10":0,"11":0,"12":0,"13":0,"14":0,"15":0,"16":0,"17":0,"18":0,"19":0,"20":0,"21":0,"22":0,"23":0,"24":0,"25":0,"26":0,"27":0,"28":0,"29":0,"30":0,"31":0,"32":0,"33":0,"34":0,"35":0,"36":0,"37":0,"38":0,"39":0,"40":0,"41":0,"42":0,"43":0,"44":0,"45":0,"46":0,"47":0,"48":0},"f":{"0":0,"1":0,"2":0,"3":0,"4":0,"5":0,"6":0,"7":0,"8":0,"9":0,"10":0,"11":0},"b":{"0":[0,0],"1":[0,0],"2":[0,0],"3":[0,0],"4":[0,0],"5":[0,0],"6":[0,0],"7":[0,0],"8":[0,0],"9":[0,0],"10":[0,0],"11":[0,0],"12":[0,0],"13":[0,0],"14":[0,0],"15":[0,0],"16":[0,0],"17":[0,0]}}
,"/home/anoir/projects/onda-website/frontend/src/components/flights/FlightCard.js": {"path":"/home/anoir/projects/onda-website/frontend/src/components/flights/FlightCard.js","statementMap":{"0":{"start":{"line":5,"column":19},"end":{"line":99,"column":1}},"1":{"start":{"line":6,"column":22},"end":{"line":6,"column":38}},"2":{"start":{"line":7,"column":2},"end":{"line":7,"column":27}},"3":{"start":{"line":7,"column":15},"end":{"line":7,"column":27}},"4":{"start":{"line":10,"column":21},"end":{"line":15,"column":3}},"5":{"start":{"line":11,"column":4},"end":{"line":11,"column":34}},"6":{"start":{"line":11,"column":21},"end":{"line":11,"column":34}},"7":{"start":{"line":12,"column":14},"end":{"line":12,"column":34}},"8":{"start":{"line":13,"column":4},"end":{"line":13,"column":48}},"9":{"start":{"line":13,"column":35},"end":{"line":13,"column":48}},"10":{"start":{"line":14,"column":4},"end":{"line":14,"column":87}},"11":{"start":{"line":17,"column":28},"end":{"line":27,"column":3}},"12":{"start":{"line":18,"column":4},"end":{"line":18,"column":45}},"13":{"start":{"line":18,"column":32},"end":{"line":18,"column":45}},"14":{"start":{"line":19,"column":16},"end":{"line":19,"column":35}},"15":{"start":{"line":20,"column":16},"end":{"line":20,"column":33}},"16":{"start":{"line":21,"column":4},"end":{"line":21,"column":81}},"17":{"start":{"line":21,"column":68},"end":{"line":21,"column":81}},"18":{"start":{"line":22,"column":15},"end":{"line":22,"column":24}},"19":{"start":{"line":23,"column":4},"end":{"line":23,"column":29}},"20":{"start":{"line":23,"column":16},"end":{"line":23,"column":29}},"21":{"start":{"line":24,"column":18},"end":{"line":24,"column":39}},"22":{"start":{"line":25,"column":20},"end":{"line":25,"column":49}},"23":{"start":{"line":26,"column":4},"end":{"line":26,"column":35}},"24":{"start":{"line":30,"column":23},"end":{"line":30,"column":75}},"25":{"start":{"line":31,"column":18},"end":{"line":31,"column":86}},"26":{"start":{"line":32,"column":19},"end":{"line":32,"column":31}},"27":{"start":{"line":34,"column":4},"end":{"line":36,"column":25}},"28":{"start":{"line":38,"column":17},"end":{"line":38,"column":62}},"29":{"start":{"line":39,"column":17},"end":{"line":39,"column":58}},"30":{"start":{"line":40,"column":24},"end":{"line":40,"column":42}},"31":{"start":{"line":41,"column":22},"end":{"line":41,"column":40}},"32":{"start":{"line":44,"column":4},"end":{"line":44,"column":71}},"33":{"start":{"line":46,"column":4},"end":{"line":46,"column":67}},"34":{"start":{"line":48,"column":19},"end":{"line":48,"column":52}},"35":{"start":{"line":49,"column":17},"end":{"line":49,"column":62}},"36":{"start":{"line":50,"column":19},"end":{"line":50,"column":43}},"37":{"start":{"line":51,"column":15},"end":{"line":51,"column":35}},"38":{"start":{"line":53,"column":2},"end":{"line":98,"column":4}},"39":{"start":{"line":101,"column":0},"end":{"line":132,"column":2}},"40":{"start":{"line":134,"column":0},"end":{"line":136,"column":2}}},"fnMap":{"0":{"name":"(anonymous_0)","decl":{"start":{"line":5,"column":19},"end":{"line":5,"column":20}},"loc":{"start":{"line":5,"column":35},"end":{"line":99,"column":1}},"line":5},"1":{"name":"(anonymous_1)","decl":{"start":{"line":10,"column":21},"end":{"line":10,"column":22}},"loc":{"start":{"line":10,"column":37},"end":{"line":15,"column":3}},"line":10},"2":{"name":"(anonymous_2)","decl":{"start":{"line":17,"column":28},"end":{"line":17,"column":29}},"loc":{"start":{"line":17,"column":52},"end":{"line":27,"column":3}},"line":17}},"branchMap":{"0":{"loc":{"start":{"line":7,"column":2},"end":{"line":7,"column":27}},"type":"if","locations":[{"start":{"line":7,"column":2},"end":{"line":7,"column":27}},{"start":{},"end":{}}],"line":7},"1":{"loc":{"start":{"line":11,"column":4},"end":{"line":11,"column":34}},"type":"if","locations":[{"start":{"line":11,"column":4},"end":{"line":11,"column":34}},{"start":{},"end":{}}],"line":11},"2":{"loc":{"start":{"line":13,"column":4},"end":{"line":13,"column":48}},"type":"if","locations":[{"start":{"line":13,"column":4},"end":{"line":13,"column":48}},{"start":{},"end":{}}],"line":13},"3":{"loc":{"start":{"line":18,"column":4},"end":{"line":18,"column":45}},"type":"if","locations":[{"start":{"line":18,"column":4},"end":{"line":18,"column":45}},{"start":{},"end":{}}],"line":18},"4":{"loc":{"start":{"line":18,"column":8},"end":{"line":18,"column":30}},"type":"binary-expr","locations":[{"start":{"line":18,"column":8},"end":{"line":18,"column":18}},{"start":{"line":18,"column":22},"end":{"line":18,"column":30}}],"line":18},"5":{"loc":{"start":{"line":21,"column":4},"end":{"line":21,"column":81}},"type":"if","locations":[{"start":{"line":21,"column":4},"end":{"line":21,"column":81}},{"start":{},"end":{}}],"line":21},"6":{"loc":{"start":{"line":21,"column":8},"end":{"line":21,"column":66}},"type":"binary-expr","locations":[{"start":{"line":21,"column":8},"end":{"line":21,"column":35}},{"start":{"line":21,"column":39},"end":{"line":21,"column":66}}],"line":21},"7":{"loc":{"start":{"line":23,"column":4},"end":{"line":23,"column":29}},"type":"if","locations":[{"start":{"line":23,"column":4},"end":{"line":23,"column":29}},{"start":{},"end":{}}],"line":23},"8":{"loc":{"start":{"line":30,"column":23},"end":{"line":30,"column":75}},"type":"binary-expr","locations":[{"start":{"line":30,"column":23},"end":{"line":30,"column":43}},{"start":{"line":30,"column":47},"end":{"line":30,"column":66}},{"start":{"line":30,"column":70},"end":{"line":30,"column":75}}],"line":30},"9":{"loc":{"start":{"line":31,"column":18},"end":{"line":31,"column":86}},"type":"binary-expr","locations":[{"start":{"line":31,"column":18},"end":{"line":31,"column":37}},{"start":{"line":31,"column":41},"end":{"line":31,"column":59}},{"start":{"line":31,"column":63},"end":{"line":31,"column":77}},{"start":{"line":31,"column":81},"end":{"line":31,"column":86}}],"line":31},"10":{"loc":{"start":{"line":34,"column":4},"end":{"line":36,"column":25}},"type":"cond-expr","locations":[{"start":{"line":35,"column":8},"end":{"line":35,"column":11}},{"start":{"line":36,"column":8},"end":{"line":36,"column":25}}],"line":34},"11":{"loc":{"start":{"line":34,"column":4},"end":{"line":34,"column":66}},"type":"binary-expr","locations":[{"start":{"line":34,"column":4},"end":{"line":34,"column":26}},{"start":{"line":34,"column":30},"end":{"line":34,"column":47}},{"start":{"line":34,"column":51},"end":{"line":34,"column":66}}],"line":34},"12":{"loc":{"start":{"line":38,"column":17},"end":{"line":38,"column":62}},"type":"binary-expr","locations":[{"start":{"line":38,"column":17},"end":{"line":38,"column":38}},{"start":{"line":38,"column":42},"end":{"line":38,"column":62}}],"line":38},"13":{"loc":{"start":{"line":39,"column":17},"end":{"line":39,"column":58}},"type":"binary-expr","locations":[{"start":{"line":39,"column":17},"end":{"line":39,"column":36}},{"start":{"line":39,"column":40},"end":{"line":39,"column":58}}],"line":39},"14":{"loc":{"start":{"line":44,"column":4},"end":{"line":44,"column":71}},"type":"binary-expr","locations":[{"start":{"line":44,"column":4},"end":{"line":44,"column":31}},{"start":{"line":44,"column":35},"end":{"line":44,"column":62}},{"start":{"line":44,"column":66},"end":{"line":44,"column":71}}],"line":44},"15":{"loc":{"start":{"line":46,"column":4},"end":{"line":46,"column":67}},"type":"binary-expr","locations":[{"start":{"line":46,"column":4},"end":{"line":46,"column":29}},{"start":{"line":46,"column":33},"end":{"line":46,"column":58}},{"start":{"line":46,"column":62},"end":{"line":46,"column":67}}],"line":46},"16":{"loc":{"start":{"line":49,"column":17},"end":{"line":49,"column":62}},"type":"binary-expr","locations":[{"start":{"line":49,"column":17},"end":{"line":49,"column":30}},{"start":{"line":49,"column":34},"end":{"line":49,"column":62}}],"line":49},"17":{"loc":{"start":{"line":50,"column":19},"end":{"line":50,"column":43}},"type":"binary-expr","locations":[{"start":{"line":50,"column":19},"end":{"line":50,"column":34}},{"start":{"line":50,"column":38},"end":{"line":50,"column":43}}],"line":50},"18":{"loc":{"start":{"line":51,"column":15},"end":{"line":51,"column":35}},"type":"binary-expr","locations":[{"start":{"line":51,"column":15},"end":{"line":51,"column":26}},{"start":{"line":51,"column":30},"end":{"line":51,"column":35}}],"line":51}},"s":{"0":0,"1":0,"2":0,"3":0,"4":0,"5":0,"6":0,"7":0,"8":0,"9":0,"10":0,"11":0,"12":0,"13":0,"14":0,"15":0,"16":0,"17":0,"18":0,"19":0,"20":0,"21":0,"22":0,"23":0,"24":0,"25":0,"26":0,"27":0,"28":0,"29":0,"30":0,"31":0,"32":0,"33":0,"34":0,"35":0,"36":0,"37":0,"38":0,"39":0,"40":0},"f":{"0":0,"1":0,"2":0},"b":{"0":[0,0],"1":[0,0],"2":[0,0],"3":[0,0],"4":[0,0],"5":[0,0],"6":[0,0],"7":[0,0],"8":[0,0,0],"9":[0,0,0,0],"10":[0,0],"11":[0,0,0],"12":[0,0],"13":[0,0],"14":[0,0,0],"15":[0,0,0],"16":[0,0],"17":[0,0],"18":[0,0]}}
,"/home/anoir/projects/onda-website/frontend/src/components/flights/FlightPage.js": {"path":"/home/anoir/projects/onda-website/frontend/src/components/flights/FlightPage.js","statementMap":{"0":{"start":{"line":11,"column":16},"end":{"line":11,"column":59}},"1":{"start":{"line":11,"column":27},"end":{"line":11,"column":58}},"2":{"start":{"line":13,"column":27},"end":{"line":14,"column":72}},"3":{"start":{"line":14,"column":2},"end":{"line":14,"column":72}},"4":{"start":{"line":14,"column":27},"end":{"line":14,"column":71}},"5":{"start":{"line":16,"column":30},"end":{"line":17,"column":64}},"6":{"start":{"line":17,"column":2},"end":{"line":17,"column":64}},"7":{"start":{"line":17,"column":23},"end":{"line":17,"column":63}},"8":{"start":{"line":19,"column":39},"end":{"line":25,"column":1}},"9":{"start":{"line":20,"column":2},"end":{"line":20,"column":73}},"10":{"start":{"line":20,"column":56},"end":{"line":20,"column":73}},"11":{"start":{"line":21,"column":17},"end":{"line":21,"column":53}},"12":{"start":{"line":22,"column":2},"end":{"line":24,"column":5}},"13":{"start":{"line":27,"column":24},"end":{"line":54,"column":1}},"14":{"start":{"line":28,"column":23},"end":{"line":28,"column":66}},"15":{"start":{"line":32,"column":4},"end":{"line":33,"column":53}},"16":{"start":{"line":36,"column":4},"end":{"line":37,"column":51}},"17":{"start":{"line":40,"column":4},"end":{"line":40,"column":63}},"18":{"start":{"line":43,"column":4},"end":{"line":43,"column":74}},"19":{"start":{"line":45,"column":2},"end":{"line":53,"column":4}},"20":{"start":{"line":56,"column":33},"end":{"line":57,"column":77}},"21":{"start":{"line":57,"column":2},"end":{"line":57,"column":77}},"22":{"start":{"line":57,"column":32},"end":{"line":57,"column":76}},"23":{"start":{"line":61,"column":19},"end":{"line":143,"column":1}},"24":{"start":{"line":62,"column":22},"end":{"line":62,"column":38}},"25":{"start":{"line":63,"column":32},"end":{"line":63,"column":44}},"26":{"start":{"line":64,"column":32},"end":{"line":64,"column":47}},"27":{"start":{"line":65,"column":28},"end":{"line":65,"column":40}},"28":{"start":{"line":66,"column":34},"end":{"line":66,"column":49}},"29":{"start":{"line":67,"column":34},"end":{"line":67,"column":46}},"30":{"start":{"line":68,"column":42},"end":{"line":68,"column":56}},"31":{"start":{"line":71,"column":2},"end":{"line":91,"column":10}},"32":{"start":{"line":72,"column":4},"end":{"line":90,"column":9}},"33":{"start":{"line":73,"column":6},"end":{"line":89,"column":7}},"34":{"start":{"line":74,"column":25},"end":{"line":74,"column":62}},"35":{"start":{"line":75,"column":21},"end":{"line":75,"column":44}},"36":{"start":{"line":76,"column":8},"end":{"line":85,"column":9}},"37":{"start":{"line":77,"column":25},"end":{"line":77,"column":49}},"38":{"start":{"line":78,"column":10},"end":{"line":78,"column":30}},"39":{"start":{"line":81,"column":10},"end":{"line":81,"column":76}},"40":{"start":{"line":84,"column":10},"end":{"line":84,"column":55}},"41":{"start":{"line":88,"column":8},"end":{"line":88,"column":55}},"42":{"start":{"line":94,"column":23},"end":{"line":125,"column":3}},"43":{"start":{"line":95,"column":4},"end":{"line":95,"column":21}},"44":{"start":{"line":96,"column":4},"end":{"line":96,"column":22}},"45":{"start":{"line":97,"column":4},"end":{"line":97,"column":17}},"46":{"start":{"line":98,"column":4},"end":{"line":98,"column":28}},"47":{"start":{"line":100,"column":4},"end":{"line":124,"column":5}},"48":{"start":{"line":101,"column":23},"end":{"line":107,"column":8}},"49":{"start":{"line":109,"column":24},"end":{"line":114,"column":7}},"50":{"start":{"line":116,"column":6},"end":{"line":116,"column":28}},"51":{"start":{"line":119,"column":6},"end":{"line":119,"column":48}},"52":{"start":{"line":120,"column":6},"end":{"line":120,"column":47}},"53":{"start":{"line":121,"column":6},"end":{"line":121,"column":21}},"54":{"start":{"line":123,"column":6},"end":{"line":123,"column":24}},"55":{"start":{"line":127,"column":2},"end":{"line":142,"column":4}}},"fnMap":{"0":{"name":"(anonymous_0)","decl":{"start":{"line":11,"column":16},"end":{"line":11,"column":17}},"loc":{"start":{"line":11,"column":27},"end":{"line":11,"column":58}},"line":11},"1":{"name":"(anonymous_1)","decl":{"start":{"line":13,"column":27},"end":{"line":13,"column":28}},"loc":{"start":{"line":14,"column":2},"end":{"line":14,"column":72}},"line":14},"2":{"name":"(anonymous_2)","decl":{"start":{"line":14,"column":17},"end":{"line":14,"column":18}},"loc":{"start":{"line":14,"column":27},"end":{"line":14,"column":71}},"line":14},"3":{"name":"(anonymous_3)","decl":{"start":{"line":16,"column":30},"end":{"line":16,"column":31}},"loc":{"start":{"line":17,"column":2},"end":{"line":17,"column":64}},"line":17},"4":{"name":"(anonymous_4)","decl":{"start":{"line":17,"column":16},"end":{"line":17,"column":17}},"loc":{"start":{"line":17,"column":23},"end":{"line":17,"column":63}},"line":17},"5":{"name":"(anonymous_5)","decl":{"start":{"line":19,"column":39},"end":{"line":19,"column":40}},"loc":{"start":{"line":19,"column":60},"end":{"line":25,"column":1}},"line":19},"6":{"name":"(anonymous_6)","decl":{"start":{"line":27,"column":24},"end":{"line":27,"column":25}},"loc":{"start":{"line":27,"column":57},"end":{"line":54,"column":1}},"line":27},"7":{"name":"(anonymous_7)","decl":{"start":{"line":56,"column":33},"end":{"line":56,"column":34}},"loc":{"start":{"line":57,"column":2},"end":{"line":57,"column":77}},"line":57},"8":{"name":"(anonymous_8)","decl":{"start":{"line":57,"column":20},"end":{"line":57,"column":21}},"loc":{"start":{"line":57,"column":32},"end":{"line":57,"column":76}},"line":57},"9":{"name":"(anonymous_9)","decl":{"start":{"line":61,"column":19},"end":{"line":61,"column":20}},"loc":{"start":{"line":61,"column":25},"end":{"line":143,"column":1}},"line":61},"10":{"name":"(anonymous_10)","decl":{"start":{"line":71,"column":12},"end":{"line":71,"column":13}},"loc":{"start":{"line":71,"column":18},"end":{"line":91,"column":3}},"line":71},"11":{"name":"(anonymous_11)","decl":{"start":{"line":72,"column":5},"end":{"line":72,"column":6}},"loc":{"start":{"line":72,"column":17},"end":{"line":90,"column":5}},"line":72},"12":{"name":"(anonymous_12)","decl":{"start":{"line":94,"column":23},"end":{"line":94,"column":24}},"loc":{"start":{"line":94,"column":41},"end":{"line":125,"column":3}},"line":94}},"branchMap":{"0":{"loc":{"start":{"line":11,"column":27},"end":{"line":11,"column":58}},"type":"cond-expr","locations":[{"start":{"line":11,"column":49},"end":{"line":11,"column":53}},{"start":{"line":11,"column":56},"end":{"line":11,"column":58}}],"line":11},"1":{"loc":{"start":{"line":14,"column":28},"end":{"line":14,"column":41}},"type":"binary-expr","locations":[{"start":{"line":14,"column":28},"end":{"line":14,"column":35}},{"start":{"line":14,"column":39},"end":{"line":14,"column":41}}],"line":14},"2":{"loc":{"start":{"line":14,"column":57},"end":{"line":14,"column":70}},"type":"binary-expr","locations":[{"start":{"line":14,"column":57},"end":{"line":14,"column":64}},{"start":{"line":14,"column":68},"end":{"line":14,"column":70}}],"line":14},"3":{"loc":{"start":{"line":17,"column":23},"end":{"line":17,"column":63}},"type":"binary-expr","locations":[{"start":{"line":17,"column":23},"end":{"line":17,"column":42}},{"start":{"line":17,"column":46},"end":{"line":17,"column":63}}],"line":17},"4":{"loc":{"start":{"line":20,"column":2},"end":{"line":20,"column":73}},"type":"if","locations":[{"start":{"line":20,"column":2},"end":{"line":20,"column":73}},{"start":{},"end":{}}],"line":20},"5":{"loc":{"start":{"line":20,"column":6},"end":{"line":20,"column":54}},"type":"binary-expr","locations":[{"start":{"line":20,"column":6},"end":{"line":20,"column":19}},{"start":{"line":20,"column":23},"end":{"line":20,"column":54}}],"line":20},"6":{"loc":{"start":{"line":28,"column":23},"end":{"line":28,"column":66}},"type":"binary-expr","locations":[{"start":{"line":28,"column":23},"end":{"line":28,"column":43}},{"start":{"line":28,"column":47},"end":{"line":28,"column":66}}],"line":28},"7":{"loc":{"start":{"line":32,"column":4},"end":{"line":33,"column":53}},"type":"binary-expr","locations":[{"start":{"line":32,"column":4},"end":{"line":32,"column":64}},{"start":{"line":33,"column":4},"end":{"line":33,"column":53}}],"line":32},"8":{"loc":{"start":{"line":36,"column":4},"end":{"line":37,"column":51}},"type":"binary-expr","locations":[{"start":{"line":36,"column":4},"end":{"line":36,"column":62}},{"start":{"line":37,"column":4},"end":{"line":37,"column":51}}],"line":36},"9":{"loc":{"start":{"line":40,"column":4},"end":{"line":40,"column":63}},"type":"binary-expr","locations":[{"start":{"line":40,"column":4},"end":{"line":40,"column":23}},{"start":{"line":40,"column":27},"end":{"line":40,"column":45}},{"start":{"line":40,"column":49},"end":{"line":40,"column":63}}],"line":40},"10":{"loc":{"start":{"line":43,"column":4},"end":{"line":43,"column":74}},"type":"binary-expr","locations":[{"start":{"line":43,"column":4},"end":{"line":43,"column":23}},{"start":{"line":43,"column":27},"end":{"line":43,"column":74}}],"line":43},"11":{"loc":{"start":{"line":48,"column":17},"end":{"line":48,"column":75}},"type":"binary-expr","locations":[{"start":{"line":48,"column":17},"end":{"line":48,"column":33}},{"start":{"line":48,"column":37},"end":{"line":48,"column":55}},{"start":{"line":48,"column":59},"end":{"line":48,"column":75}}],"line":48},"12":{"loc":{"start":{"line":49,"column":17},"end":{"line":49,"column":55}},"type":"binary-expr","locations":[{"start":{"line":49,"column":17},"end":{"line":49,"column":33}},{"start":{"line":49,"column":37},"end":{"line":49,"column":55}}],"line":49},"13":{"loc":{"start":{"line":51,"column":6},"end":{"line":51,"column":67}},"type":"binary-expr","locations":[{"start":{"line":51,"column":6},"end":{"line":51,"column":22}},{"start":{"line":51,"column":26},"end":{"line":51,"column":49}},{"start":{"line":51,"column":53},"end":{"line":51,"column":67}}],"line":51},"14":{"loc":{"start":{"line":52,"column":22},"end":{"line":52,"column":65}},"type":"binary-expr","locations":[{"start":{"line":52,"column":22},"end":{"line":52,"column":38}},{"start":{"line":52,"column":42},"end":{"line":52,"column":65}}],"line":52},"15":{"loc":{"start":{"line":76,"column":8},"end":{"line":85,"column":9}},"type":"if","locations":[{"start":{"line":76,"column":8},"end":{"line":85,"column":9}},{"start":{"line":82,"column":15},"end":{"line":85,"column":9}}],"line":76},"16":{"loc":{"start":{"line":128,"column":38},"end":{"line":128,"column":73}},"type":"cond-expr","locations":[{"start":{"line":128,"column":63},"end":{"line":128,"column":68}},{"start":{"line":128,"column":71},"end":{"line":128,"column":73}}],"line":128},"17":{"loc":{"start":{"line":133,"column":7},"end":{"line":140,"column":7}},"type":"binary-expr","locations":[{"start":{"line":133,"column":7},"end":{"line":133,"column":15}},{"start":{"line":134,"column":8},"end":{"line":139,"column":10}}],"line":133}},"s":{"0":0,"1":0,"2":0,"3":0,"4":0,"5":0,"6":0,"7":0,"8":0,"9":0,"10":0,"11":0,"12":0,"13":0,"14":0,"15":0,"16":0,"17":0,"18":0,"19":0,"20":0,"21":0,"22":0,"23":0,"24":0,"25":0,"26":0,"27":0,"28":0,"29":0,"30":0,"31":0,"32":0,"33":0,"34":0,"35":0,"36":0,"37":0,"38":0,"39":0,"40":0,"41":0,"42":0,"43":0,"44":0,"45":0,"46":0,"47":0,"48":0,"49":0,"50":0,"51":0,"52":0,"53":0,"54":0,"55":0},"f":{"0":0,"1":0,"2":0,"3":0,"4":0,"5":0,"6":0,"7":0,"8":0,"9":0,"10":0,"11":0,"12":0},"b":{"0":[0,0],"1":[0,0],"2":[0,0],"3":[0,0],"4":[0,0],"5":[0,0],"6":[0,0],"7":[0,0],"8":[0,0],"9":[0,0,0],"10":[0,0],"11":[0,0,0],"12":[0,0],"13":[0,0,0],"14":[0,0],"15":[0,0],"16":[0,0],"17":[0,0]}}
,"/home/anoir/projects/onda-website/frontend/src/components/flights/FlightSearchForm.js": {"path":"/home/anoir/projects/onda-website/frontend/src/components/flights/FlightSearchForm.js","statementMap":{"0":{"start":{"line":7,"column":25},"end":{"line":139,"column":1}},"1":{"start":{"line":8,"column":16},"end":{"line":8,"column":32}},"2":{"start":{"line":9,"column":34},"end":{"line":9,"column":46}},"3":{"start":{"line":10,"column":50},"end":{"line":10,"column":62}},"4":{"start":{"line":11,"column":46},"end":{"line":11,"column":58}},"5":{"start":{"line":12,"column":26},"end":{"line":12,"column":38}},"6":{"start":{"line":13,"column":32},"end":{"line":13,"column":46}},"7":{"start":{"line":14,"column":28},"end":{"line":14,"column":40}},"8":{"start":{"line":17,"column":19},"end":{"line":17,"column":76}},"9":{"start":{"line":17,"column":33},"end":{"line":17,"column":71}},"10":{"start":{"line":19,"column":2},"end":{"line":36,"column":10}},"11":{"start":{"line":20,"column":4},"end":{"line":20,"column":21}},"12":{"start":{"line":22,"column":4},"end":{"line":32,"column":9}},"13":{"start":{"line":25,"column":8},"end":{"line":25,"column":71}},"14":{"start":{"line":26,"column":8},"end":{"line":26,"column":26}},"15":{"start":{"line":29,"column":8},"end":{"line":29,"column":52}},"16":{"start":{"line":30,"column":8},"end":{"line":30,"column":24}},"17":{"start":{"line":31,"column":8},"end":{"line":31,"column":26}},"18":{"start":{"line":34,"column":4},"end":{"line":34,"column":52}},"19":{"start":{"line":38,"column":20},"end":{"line":39,"column":74}},"20":{"start":{"line":39,"column":4},"end":{"line":39,"column":74}},"21":{"start":{"line":41,"column":23},"end":{"line":63,"column":3}},"22":{"start":{"line":42,"column":4},"end":{"line":42,"column":23}},"23":{"start":{"line":44,"column":4},"end":{"line":47,"column":5}},"24":{"start":{"line":45,"column":6},"end":{"line":45,"column":50}},"25":{"start":{"line":46,"column":6},"end":{"line":46,"column":13}},"26":{"start":{"line":48,"column":4},"end":{"line":51,"column":5}},"27":{"start":{"line":49,"column":6},"end":{"line":49,"column":48}},"28":{"start":{"line":50,"column":6},"end":{"line":50,"column":13}},"29":{"start":{"line":52,"column":4},"end":{"line":55,"column":5}},"30":{"start":{"line":53,"column":6},"end":{"line":53,"column":46}},"31":{"start":{"line":54,"column":6},"end":{"line":54,"column":13}},"32":{"start":{"line":57,"column":4},"end":{"line":57,"column":17}},"33":{"start":{"line":58,"column":4},"end":{"line":62,"column":7}},"34":{"start":{"line":65,"column":2},"end":{"line":67,"column":3}},"35":{"start":{"line":66,"column":4},"end":{"line":66,"column":73}},"36":{"start":{"line":69,"column":2},"end":{"line":138,"column":4}},"37":{"start":{"line":84,"column":31},"end":{"line":84,"column":66}},"38":{"start":{"line":90,"column":16},"end":{"line":92,"column":25}},"39":{"start":{"line":103,"column":31},"end":{"line":103,"column":64}},"40":{"start":{"line":109,"column":16},"end":{"line":111,"column":25}},"41":{"start":{"line":123,"column":31},"end":{"line":123,"column":54}},"42":{"start":{"line":141,"column":0},"end":{"line":143,"column":2}}},"fnMap":{"0":{"name":"(anonymous_0)","decl":{"start":{"line":7,"column":25},"end":{"line":7,"column":26}},"loc":{"start":{"line":7,"column":43},"end":{"line":139,"column":1}},"line":7},"1":{"name":"(anonymous_1)","decl":{"start":{"line":17,"column":27},"end":{"line":17,"column":28}},"loc":{"start":{"line":17,"column":33},"end":{"line":17,"column":71}},"line":17},"2":{"name":"(anonymous_2)","decl":{"start":{"line":19,"column":12},"end":{"line":19,"column":13}},"loc":{"start":{"line":19,"column":18},"end":{"line":36,"column":3}},"line":19},"3":{"name":"(anonymous_3)","decl":{"start":{"line":24,"column":12},"end":{"line":24,"column":13}},"loc":{"start":{"line":24,"column":26},"end":{"line":27,"column":7}},"line":24},"4":{"name":"(anonymous_4)","decl":{"start":{"line":28,"column":13},"end":{"line":28,"column":14}},"loc":{"start":{"line":28,"column":19},"end":{"line":32,"column":7}},"line":28},"5":{"name":"(anonymous_5)","decl":{"start":{"line":38,"column":20},"end":{"line":38,"column":21}},"loc":{"start":{"line":39,"column":4},"end":{"line":39,"column":74}},"line":39},"6":{"name":"(anonymous_6)","decl":{"start":{"line":41,"column":23},"end":{"line":41,"column":24}},"loc":{"start":{"line":41,"column":30},"end":{"line":63,"column":3}},"line":41},"7":{"name":"(anonymous_7)","decl":{"start":{"line":84,"column":24},"end":{"line":84,"column":25}},"loc":{"start":{"line":84,"column":31},"end":{"line":84,"column":66}},"line":84},"8":{"name":"(anonymous_8)","decl":{"start":{"line":89,"column":28},"end":{"line":89,"column":29}},"loc":{"start":{"line":90,"column":16},"end":{"line":92,"column":25}},"line":90},"9":{"name":"(anonymous_9)","decl":{"start":{"line":103,"column":24},"end":{"line":103,"column":25}},"loc":{"start":{"line":103,"column":31},"end":{"line":103,"column":64}},"line":103},"10":{"name":"(anonymous_10)","decl":{"start":{"line":108,"column":28},"end":{"line":108,"column":29}},"loc":{"start":{"line":109,"column":16},"end":{"line":111,"column":25}},"line":109},"11":{"name":"(anonymous_11)","decl":{"start":{"line":123,"column":24},"end":{"line":123,"column":25}},"loc":{"start":{"line":123,"column":31},"end":{"line":123,"column":54}},"line":123}},"branchMap":{"0":{"loc":{"start":{"line":25,"column":20},"end":{"line":25,"column":69}},"type":"cond-expr","locations":[{"start":{"line":25,"column":51},"end":{"line":25,"column":64}},{"start":{"line":25,"column":67},"end":{"line":25,"column":69}}],"line":25},"1":{"loc":{"start":{"line":39,"column":11},"end":{"line":39,"column":73}},"type":"binary-expr","locations":[{"start":{"line":39,"column":11},"end":{"line":39,"column":16}},{"start":{"line":39,"column":20},"end":{"line":39,"column":27}},{"start":{"line":39,"column":31},"end":{"line":39,"column":73}}],"line":39},"2":{"loc":{"start":{"line":39,"column":34},"end":{"line":39,"column":54}},"type":"binary-expr","locations":[{"start":{"line":39,"column":34},"end":{"line":39,"column":41}},{"start":{"line":39,"column":45},"end":{"line":39,"column":54}}],"line":39},"3":{"loc":{"start":{"line":39,"column":58},"end":{"line":39,"column":71}},"type":"binary-expr","locations":[{"start":{"line":39,"column":58},"end":{"line":39,"column":65}},{"start":{"line":39,"column":69},"end":{"line":39,"column":71}}],"line":39},"4":{"loc":{"start":{"line":44,"column":4},"end":{"line":47,"column":5}},"type":"if","locations":[{"start":{"line":44,"column":4},"end":{"line":47,"column":5}},{"start":{},"end":{}}],"line":44},"5":{"loc":{"start":{"line":48,"column":4},"end":{"line":51,"column":5}},"type":"if","locations":[{"start":{"line":48,"column":4},"end":{"line":51,"column":5}},{"start":{},"end":{}}],"line":48},"6":{"loc":{"start":{"line":52,"column":4},"end":{"line":55,"column":5}},"type":"if","locations":[{"start":{"line":52,"column":4},"end":{"line":55,"column":5}},{"start":{},"end":{}}],"line":52},"7":{"loc":{"start":{"line":65,"column":2},"end":{"line":67,"column":3}},"type":"if","locations":[{"start":{"line":65,"column":2},"end":{"line":67,"column":3}},{"start":{},"end":{}}],"line":65},"8":{"loc":{"start":{"line":74,"column":7},"end":{"line":74,"column":65}},"type":"binary-expr","locations":[{"start":{"line":74,"column":7},"end":{"line":74,"column":12}},{"start":{"line":74,"column":16},"end":{"line":74,"column":65}}],"line":74},"9":{"loc":{"start":{"line":86,"column":28},"end":{"line":86,"column":56}},"type":"binary-expr","locations":[{"start":{"line":86,"column":28},"end":{"line":86,"column":35}},{"start":{"line":86,"column":39},"end":{"line":86,"column":56}}],"line":86},"10":{"loc":{"start":{"line":90,"column":56},"end":{"line":90,"column":74}},"type":"binary-expr","locations":[{"start":{"line":90,"column":56},"end":{"line":90,"column":68}},{"start":{"line":90,"column":72},"end":{"line":90,"column":74}}],"line":90},"11":{"loc":{"start":{"line":91,"column":26},"end":{"line":91,"column":51}},"type":"binary-expr","locations":[{"start":{"line":91,"column":26},"end":{"line":91,"column":38}},{"start":{"line":91,"column":42},"end":{"line":91,"column":51}}],"line":91},"12":{"loc":{"start":{"line":91,"column":63},"end":{"line":91,"column":84}},"type":"binary-expr","locations":[{"start":{"line":91,"column":63},"end":{"line":91,"column":75}},{"start":{"line":91,"column":79},"end":{"line":91,"column":84}}],"line":91},"13":{"loc":{"start":{"line":105,"column":28},"end":{"line":105,"column":54}},"type":"binary-expr","locations":[{"start":{"line":105,"column":28},"end":{"line":105,"column":35}},{"start":{"line":105,"column":39},"end":{"line":105,"column":54}}],"line":105},"14":{"loc":{"start":{"line":109,"column":56},"end":{"line":109,"column":74}},"type":"binary-expr","locations":[{"start":{"line":109,"column":56},"end":{"line":109,"column":68}},{"start":{"line":109,"column":72},"end":{"line":109,"column":74}}],"line":109},"15":{"loc":{"start":{"line":110,"column":26},"end":{"line":110,"column":51}},"type":"binary-expr","locations":[{"start":{"line":110,"column":26},"end":{"line":110,"column":38}},{"start":{"line":110,"column":42},"end":{"line":110,"column":51}}],"line":110},"16":{"loc":{"start":{"line":110,"column":63},"end":{"line":110,"column":84}},"type":"binary-expr","locations":[{"start":{"line":110,"column":63},"end":{"line":110,"column":75}},{"start":{"line":110,"column":79},"end":{"line":110,"column":84}}],"line":110}},"s":{"0":0,"1":0,"2":0,"3":0,"4":0,"5":0,"6":0,"7":0,"8":0,"9":0,"10":0,"11":0,"12":0,"13":0,"14":0,"15":0,"16":0,"17":0,"18":0,"19":0,"20":0,"21":0,"22":0,"23":0,"24":0,"25":0,"26":0,"27":0,"28":0,"29":0,"30":0,"31":0,"32":0,"33":0,"34":0,"35":0,"36":0,"37":0,"38":0,"39":0,"40":0,"41":0,"42":0},"f":{"0":0,"1":0,"2":0,"3":0,"4":0,"5":0,"6":0,"7":0,"8":0,"9":0,"10":0,"11":0},"b":{"0":[0,0],"1":[0,0,0],"2":[0,0],"3":[0,0],"4":[0,0],"5":[0,0],"6":[0,0],"7":[0,0],"8":[0,0],"9":[0,0],"10":[0,0],"11":[0,0],"12":[0,0],"13":[0,0],"14":[0,0],"15":[0,0],"16":[0,0]}}
,"/home/anoir/projects/onda-website/frontend/src/components/layout/FlightLoader.js": {"path":"/home/anoir/projects/onda-website/frontend/src/components/layout/FlightLoader.js","statementMap":{"0":{"start":{"line":4,"column":21},"end":{"line":31,"column":1}},"1":{"start":{"line":5,"column":2},"end":{"line":30,"column":8}}},"fnMap":{"0":{"name":"(anonymous_0)","decl":{"start":{"line":4,"column":21},"end":{"line":4,"column":22}},"loc":{"start":{"line":5,"column":2},"end":{"line":30,"column":8}},"line":5}},"branchMap":{},"s":{"0":0,"1":0},"f":{"0":0},"b":{}}
,"/home/anoir/projects/onda-website/frontend/src/components/layout/Footer.js": {"path":"/home/anoir/projects/onda-website/frontend/src/components/layout/Footer.js","statementMap":{"0":{"start":{"line":7,"column":15},"end":{"line":71,"column":1}},"1":{"start":{"line":8,"column":16},"end":{"line":8,"column":32}},"2":{"start":{"line":9,"column":22},"end":{"line":9,"column":46}},"3":{"start":{"line":11,"column":2},"end":{"line":70,"column":4}}},"fnMap":{"0":{"name":"(anonymous_0)","decl":{"start":{"line":7,"column":15},"end":{"line":7,"column":16}},"loc":{"start":{"line":7,"column":21},"end":{"line":71,"column":1}},"line":7}},"branchMap":{},"s":{"0":0,"1":0,"2":0,"3":0},"f":{"0":0},"b":{}}
,"/home/anoir/projects/onda-website/frontend/src/components/layout/Header.js": {"path":"/home/anoir/projects/onda-website/frontend/src/components/layout/Header.js","statementMap":{"0":{"start":{"line":7,"column":15},"end":{"line":127,"column":1}},"1":{"start":{"line":8,"column":16},"end":{"line":8,"column":32}},"2":{"start":{"line":9,"column":18},"end":{"line":9,"column":30}},"3":{"start":{"line":10,"column":28},"end":{"line":10,"column":40}},"4":{"start":{"line":13,"column":30},"end":{"line":20,"column":3}},"5":{"start":{"line":14,"column":17},"end":{"line":14,"column":32}},"6":{"start":{"line":15,"column":4},"end":{"line":15,"column":22}},"7":{"start":{"line":15,"column":15},"end":{"line":15,"column":22}},"8":{"start":{"line":16,"column":4},"end":{"line":16,"column":39}},"9":{"start":{"line":18,"column":4},"end":{"line":18,"column":33}},"10":{"start":{"line":19,"column":4},"end":{"line":19,"column":36}},"11":{"start":{"line":23,"column":29},"end":{"line":31,"column":3}},"12":{"start":{"line":24,"column":15},"end":{"line":24,"column":40}},"13":{"start":{"line":25,"column":21},"end":{"line":25,"column":47}},"14":{"start":{"line":27,"column":4},"end":{"line":30,"column":5}},"15":{"start":{"line":28,"column":25},"end":{"line":28,"column":60}},"16":{"start":{"line":29,"column":6},"end":{"line":29,"column":27}},"17":{"start":{"line":34,"column":2},"end":{"line":37,"column":9}},"18":{"start":{"line":35,"column":21},"end":{"line":35,"column":60}},"19":{"start":{"line":36,"column":4},"end":{"line":36,"column":41}},"20":{"start":{"line":36,"column":17},"end":{"line":36,"column":40}},"21":{"start":{"line":39,"column":2},"end":{"line":126,"column":4}},"22":{"start":{"line":48,"column":14},"end":{"line":48,"column":36}},"23":{"start":{"line":49,"column":14},"end":{"line":49,"column":35}}},"fnMap":{"0":{"name":"(anonymous_0)","decl":{"start":{"line":7,"column":15},"end":{"line":7,"column":16}},"loc":{"start":{"line":7,"column":21},"end":{"line":127,"column":1}},"line":7},"1":{"name":"(anonymous_1)","decl":{"start":{"line":13,"column":30},"end":{"line":13,"column":31}},"loc":{"start":{"line":13,"column":36},"end":{"line":20,"column":3}},"line":13},"2":{"name":"(anonymous_2)","decl":{"start":{"line":23,"column":29},"end":{"line":23,"column":30}},"loc":{"start":{"line":23,"column":35},"end":{"line":31,"column":3}},"line":23},"3":{"name":"(anonymous_3)","decl":{"start":{"line":34,"column":12},"end":{"line":34,"column":13}},"loc":{"start":{"line":34,"column":18},"end":{"line":37,"column":3}},"line":34},"4":{"name":"(anonymous_4)","decl":{"start":{"line":36,"column":11},"end":{"line":36,"column":12}},"loc":{"start":{"line":36,"column":17},"end":{"line":36,"column":40}},"line":36},"5":{"name":"(anonymous_5)","decl":{"start":{"line":47,"column":21},"end":{"line":47,"column":22}},"loc":{"start":{"line":47,"column":27},"end":{"line":50,"column":13}},"line":47}},"branchMap":{"0":{"loc":{"start":{"line":15,"column":4},"end":{"line":15,"column":22}},"type":"if","locations":[{"start":{"line":15,"column":4},"end":{"line":15,"column":22}},{"start":{},"end":{}}],"line":15},"1":{"loc":{"start":{"line":27,"column":4},"end":{"line":30,"column":5}},"type":"if","locations":[{"start":{"line":27,"column":4},"end":{"line":30,"column":5}},{"start":{},"end":{}}],"line":27},"2":{"loc":{"start":{"line":27,"column":8},"end":{"line":27,"column":51}},"type":"binary-expr","locations":[{"start":{"line":27,"column":8},"end":{"line":27,"column":39}},{"start":{"line":27,"column":43},"end":{"line":27,"column":51}}],"line":27}},"s":{"0":0,"1":0,"2":0,"3":0,"4":0,"5":0,"6":0,"7":0,"8":0,"9":0,"10":0,"11":0,"12":0,"13":0,"14":0,"15":0,"16":0,"17":0,"18":0,"19":0,"20":0,"21":0,"22":0,"23":0},"f":{"0":0,"1":0,"2":0,"3":0,"4":0,"5":0},"b":{"0":[0,0],"1":[0,0],"2":[0,0]}}
,"/home/anoir/projects/onda-website/frontend/src/components/layout/LanguageModal.js": {"path":"/home/anoir/projects/onda-website/frontend/src/components/layout/LanguageModal.js","statementMap":{"0":{"start":{"line":5,"column":18},"end":{"line":10,"column":1}},"1":{"start":{"line":13,"column":20},"end":{"line":13,"column":32}},"2":{"start":{"line":14,"column":18},"end":{"line":14,"column":40}},"3":{"start":{"line":17,"column":2},"end":{"line":26,"column":9}},"4":{"start":{"line":18,"column":16},"end":{"line":18,"column":33}},"5":{"start":{"line":19,"column":4},"end":{"line":19,"column":21}},"6":{"start":{"line":19,"column":14},"end":{"line":19,"column":21}},"7":{"start":{"line":20,"column":25},"end":{"line":23,"column":5}},"8":{"start":{"line":24,"column":4},"end":{"line":24,"column":49}},"9":{"start":{"line":25,"column":4},"end":{"line":25,"column":65}},"10":{"start":{"line":25,"column":17},"end":{"line":25,"column":64}},"11":{"start":{"line":28,"column":2},"end":{"line":28,"column":25}},"12":{"start":{"line":28,"column":13},"end":{"line":28,"column":25}},"13":{"start":{"line":30,"column":2},"end":{"line":86,"column":4}},"14":{"start":{"line":41,"column":12},"end":{"line":54,"column":21}},"15":{"start":{"line":46,"column":29},"end":{"line":46,"column":48}},"16":{"start":{"line":89,"column":0},"end":{"line":92,"column":2}}},"fnMap":{"0":{"name":"LanguageModal","decl":{"start":{"line":12,"column":24},"end":{"line":12,"column":37}},"loc":{"start":{"line":12,"column":58},"end":{"line":87,"column":1}},"line":12},"1":{"name":"(anonymous_1)","decl":{"start":{"line":17,"column":12},"end":{"line":17,"column":13}},"loc":{"start":{"line":17,"column":18},"end":{"line":26,"column":3}},"line":17},"2":{"name":"(anonymous_2)","decl":{"start":{"line":20,"column":25},"end":{"line":20,"column":26}},"loc":{"start":{"line":20,"column":32},"end":{"line":23,"column":5}},"line":20},"3":{"name":"(anonymous_3)","decl":{"start":{"line":25,"column":11},"end":{"line":25,"column":12}},"loc":{"start":{"line":25,"column":17},"end":{"line":25,"column":64}},"line":25},"4":{"name":"(anonymous_4)","decl":{"start":{"line":40,"column":25},"end":{"line":40,"column":26}},"loc":{"start":{"line":41,"column":12},"end":{"line":54,"column":21}},"line":41},"5":{"name":"(anonymous_5)","decl":{"start":{"line":46,"column":23},"end":{"line":46,"column":24}},"loc":{"start":{"line":46,"column":29},"end":{"line":46,"column":48}},"line":46}},"branchMap":{"0":{"loc":{"start":{"line":19,"column":4},"end":{"line":19,"column":21}},"type":"if","locations":[{"start":{"line":19,"column":4},"end":{"line":19,"column":21}},{"start":{},"end":{}}],"line":19},"1":{"loc":{"start":{"line":28,"column":2},"end":{"line":28,"column":25}},"type":"if","locations":[{"start":{"line":28,"column":2},"end":{"line":28,"column":25}},{"start":{},"end":{}}],"line":28}},"s":{"0":0,"1":0,"2":0,"3":0,"4":0,"5":0,"6":0,"7":0,"8":0,"9":0,"10":0,"11":0,"12":0,"13":0,"14":0,"15":0,"16":0},"f":{"0":0,"1":0,"2":0,"3":0,"4":0,"5":0},"b":{"0":[0,0],"1":[0,0]}}
,"/home/anoir/projects/onda-website/frontend/src/components/layout/LanguageSwitcher.js": {"path":"/home/anoir/projects/onda-website/frontend/src/components/layout/LanguageSwitcher.js","statementMap":{"0":{"start":{"line":5,"column":25},"end":{"line":67,"column":1}},"1":{"start":{"line":6,"column":19},"end":{"line":6,"column":35}},"2":{"start":{"line":8,"column":20},"end":{"line":13,"column":3}},"3":{"start":{"line":15,"column":22},"end":{"line":15,"column":83}},"4":{"start":{"line":15,"column":42},"end":{"line":15,"column":66}},"5":{"start":{"line":17,"column":25},"end":{"line":22,"column":3}},"6":{"start":{"line":18,"column":4},"end":{"line":18,"column":29}},"7":{"start":{"line":19,"column":4},"end":{"line":19,"column":44}},"8":{"start":{"line":20,"column":4},"end":{"line":20,"column":54}},"9":{"start":{"line":21,"column":4},"end":{"line":21,"column":48}},"10":{"start":{"line":24,"column":2},"end":{"line":66,"column":4}},"11":{"start":{"line":46,"column":10},"end":{"line":62,"column":15}},"12":{"start":{"line":49,"column":29},"end":{"line":49,"column":54}}},"fnMap":{"0":{"name":"(anonymous_0)","decl":{"start":{"line":5,"column":25},"end":{"line":5,"column":26}},"loc":{"start":{"line":5,"column":31},"end":{"line":67,"column":1}},"line":5},"1":{"name":"(anonymous_1)","decl":{"start":{"line":15,"column":37},"end":{"line":15,"column":38}},"loc":{"start":{"line":15,"column":42},"end":{"line":15,"column":66}},"line":15},"2":{"name":"(anonymous_2)","decl":{"start":{"line":17,"column":25},"end":{"line":17,"column":26}},"loc":{"start":{"line":17,"column":34},"end":{"line":22,"column":3}},"line":17},"3":{"name":"(anonymous_3)","decl":{"start":{"line":45,"column":23},"end":{"line":45,"column":24}},"loc":{"start":{"line":46,"column":10},"end":{"line":62,"column":15}},"line":46},"4":{"name":"(anonymous_4)","decl":{"start":{"line":49,"column":23},"end":{"line":49,"column":24}},"loc":{"start":{"line":49,"column":29},"end":{"line":49,"column":54}},"line":49}},"branchMap":{"0":{"loc":{"start":{"line":15,"column":22},"end":{"line":15,"column":83}},"type":"binary-expr","locations":[{"start":{"line":15,"column":22},"end":{"line":15,"column":67}},{"start":{"line":15,"column":71},"end":{"line":15,"column":83}}],"line":15},"1":{"loc":{"start":{"line":48,"column":42},"end":{"line":48,"column":85}},"type":"cond-expr","locations":[{"start":{"line":48,"column":72},"end":{"line":48,"column":80}},{"start":{"line":48,"column":83},"end":{"line":48,"column":85}}],"line":48}},"s":{"0":0,"1":0,"2":0,"3":0,"4":0,"5":0,"6":0,"7":0,"8":0,"9":0,"10":0,"11":0,"12":0},"f":{"0":0,"1":0,"2":0,"3":0,"4":0},"b":{"0":[0,0],"1":[0,0]}}
,"/home/anoir/projects/onda-website/frontend/src/components/pages/Contact.js": {"path":"/home/anoir/projects/onda-website/frontend/src/components/pages/Contact.js","statementMap":{"0":{"start":{"line":5,"column":16},"end":{"line":201,"column":1}},"1":{"start":{"line":6,"column":16},"end":{"line":6,"column":32}},"2":{"start":{"line":8,"column":26},"end":{"line":13,"column":4}},"3":{"start":{"line":14,"column":32},"end":{"line":14,"column":47}},"4":{"start":{"line":15,"column":26},"end":{"line":15,"column":41}},"5":{"start":{"line":16,"column":28},"end":{"line":16,"column":40}},"6":{"start":{"line":18,"column":23},"end":{"line":20,"column":3}},"7":{"start":{"line":19,"column":4},"end":{"line":19,"column":58}},"8":{"start":{"line":22,"column":23},"end":{"line":65,"column":3}},"9":{"start":{"line":23,"column":4},"end":{"line":23,"column":23}},"10":{"start":{"line":24,"column":4},"end":{"line":24,"column":19}},"11":{"start":{"line":25,"column":4},"end":{"line":25,"column":17}},"12":{"start":{"line":26,"column":4},"end":{"line":26,"column":21}},"13":{"start":{"line":28,"column":4},"end":{"line":32,"column":5}},"14":{"start":{"line":29,"column":6},"end":{"line":29,"column":45}},"15":{"start":{"line":30,"column":6},"end":{"line":30,"column":24}},"16":{"start":{"line":31,"column":6},"end":{"line":31,"column":13}},"17":{"start":{"line":34,"column":4},"end":{"line":64,"column":5}},"18":{"start":{"line":36,"column":8},"end":{"line":38,"column":47}},"19":{"start":{"line":40,"column":23},"end":{"line":48,"column":8}},"20":{"start":{"line":50,"column":19},"end":{"line":50,"column":40}},"21":{"start":{"line":52,"column":6},"end":{"line":58,"column":7}},"22":{"start":{"line":53,"column":8},"end":{"line":53,"column":22}},"23":{"start":{"line":54,"column":8},"end":{"line":54,"column":73}},"24":{"start":{"line":56,"column":8},"end":{"line":56,"column":45}},"25":{"start":{"line":57,"column":8},"end":{"line":57,"column":69}},"26":{"start":{"line":60,"column":6},"end":{"line":60,"column":48}},"27":{"start":{"line":61,"column":6},"end":{"line":61,"column":41}},"28":{"start":{"line":63,"column":6},"end":{"line":63,"column":24}},"29":{"start":{"line":68,"column":21},"end":{"line":68,"column":69}},"30":{"start":{"line":70,"column":2},"end":{"line":200,"column":4}}},"fnMap":{"0":{"name":"(anonymous_0)","decl":{"start":{"line":5,"column":16},"end":{"line":5,"column":17}},"loc":{"start":{"line":5,"column":22},"end":{"line":201,"column":1}},"line":5},"1":{"name":"(anonymous_1)","decl":{"start":{"line":18,"column":23},"end":{"line":18,"column":24}},"loc":{"start":{"line":18,"column":30},"end":{"line":20,"column":3}},"line":18},"2":{"name":"(anonymous_2)","decl":{"start":{"line":22,"column":23},"end":{"line":22,"column":24}},"loc":{"start":{"line":22,"column":36},"end":{"line":65,"column":3}},"line":22}},"branchMap":{"0":{"loc":{"start":{"line":28,"column":4},"end":{"line":32,"column":5}},"type":"if","locations":[{"start":{"line":28,"column":4},"end":{"line":32,"column":5}},{"start":{},"end":{}}],"line":28},"1":{"loc":{"start":{"line":28,"column":8},"end":{"line":28,"column":73}},"type":"binary-expr","locations":[{"start":{"line":28,"column":8},"end":{"line":28,"column":23}},{"start":{"line":28,"column":27},"end":{"line":28,"column":41}},{"start":{"line":28,"column":45},"end":{"line":28,"column":56}},{"start":{"line":28,"column":60},"end":{"line":28,"column":73}}],"line":28},"2":{"loc":{"start":{"line":36,"column":8},"end":{"line":38,"column":47}},"type":"cond-expr","locations":[{"start":{"line":37,"column":12},"end":{"line":37,"column":26}},{"start":{"line":38,"column":12},"end":{"line":38,"co
[...]
,"/home/anoir/projects/onda-website/frontend/src/components/pages/WeatherPage.js": {"path":"/home/anoir/projects/onda-website/frontend/src/components/pages/WeatherPage.js","statementMap":{"0":{"start":{"line":6,"column":20},"end":{"line":72,"column":1}},"1":{"start":{"line":7,"column":34},"end":{"line":7,"column":46}},"2":{"start":{"line":8,"column":32},"end":{"line":8,"column":46}},"3":{"start":{"line":9,"column":28},"end":{"line":9,"column":42}},"4":{"start":{"line":11,"column":2},"end":{"line":25,"column":9}},"5":{"start":{"line":12,"column":26},"end":{"line":22,"column":5}},"6":{"start":{"line":13,"column":6},"end":{"line":21,"column":7}},"7":{"start":{"line":14,"column":21},"end":{"line":14,"column":58}},"8":{"start":{"line":15,"column":8},"end":{"line":15,"column":26}},"9":{"start":{"line":16,"column":8},"end":{"line":16,"column":26}},"10":{"start":{"line":18,"column":8},"end":{"line":18,"column":55}},"11":{"start":{"line":19,"column":8},"end":{"line":19,"column":69}},"12":{"start":{"line":20,"column":8},"end":{"line":20,"column":26}},"13":{"start":{"line":24,"column":4},"end":{"line":24,"column":20}},"14":{"start":{"line":27,"column":2},"end":{"line":35,"column":3}},"15":{"start":{"line":28,"column":4},"end":{"line":34,"column":6}},"16":{"start":{"line":37,"column":2},"end":{"line":39,"column":3}},"17":{"start":{"line":38,"column":4},"end":{"line":38,"column":76}},"18":{"start":{"line":41,"column":2},"end":{"line":71,"column":4}},"19":{"start":{"line":56,"column":12},"end":{"line":66,"column":18}}},"fnMap":{"0":{"name":"(anonymous_0)","decl":{"start":{"line":6,"column":20},"end":{"line":6,"column":21}},"loc":{"start":{"line":6,"column":26},"end":{"line":72,"column":1}},"line":6},"1":{"name":"(anonymous_1)","decl":{"start":{"line":11,"column":12},"end":{"line":11,"column":13}},"loc":{"start":{"line":11,"column":18},"end":{"line":25,"column":3}},"line":11},"2":{"name":"(anonymous_2)","decl":{"start":{"line":12,"column":26},"end":{"line":12,"column":27}},"loc":{"start":{"line":12,"column":38},"end":{"line":22,"column":5}},"line":12},"3":{"name":"(anonymous_3)","decl":{"start":{"line":55,"column":24},"end":{"line":55,"column":25}},"loc":{"start":{"line":56,"column":12},"end":{"line":66,"column":18}},"line":56}},"branchMap":{"0":{"loc":{"start":{"line":27,"column":2},"end":{"line":35,"column":3}},"type":"if","locations":[{"start":{"line":27,"column":2},"end":{"line":35,"column":3}},{"start":{},"end":{}}],"line":27},"1":{"loc":{"start":{"line":37,"column":2},"end":{"line":39,"column":3}},"type":"if","locations":[{"start":{"line":37,"column":2},"end":{"line":39,"column":3}},{"start":{},"end":{}}],"line":37},"2":{"loc":{"start":{"line":56,"column":57},"end":{"line":56,"column":83}},"type":"binary-expr","locations":[{"start":{"line":56,"column":57},"end":{"line":56,"column":67}},{"start":{"line":56,"column":71},"end":{"line":56,"column":83}}],"line":56}},"s":{"0":0,"1":0,"2":0,"3":0,"4":0,"5":0,"6":0,"7":0,"8":0,"9":0,"10":0,"11":0,"12":0,"13":0,"14":0,"15":0,"16":0,"17":0,"18":0,"19":0},"f":{"0":0,"1":0,"2":0,"3":0},"b":{"0":[0,0],"1":[0,0],"2":[0,0]}}
,"/home/anoir/projects/onda-website/frontend/src/components/weather/WeatherWidget.js": {"path":"/home/anoir/projects/onda-website/frontend/src/components/weather/WeatherWidget.js","statementMap":{"0":{"start":{"line":8,"column":16},"end":{"line":8,"column":50}},"1":{"start":{"line":10,"column":22},"end":{"line":134,"column":1}},"2":{"start":{"line":11,"column":16},"end":{"line":11,"column":32}},"3":{"start":{"line":12,"column":32},"end":{"line":12,"column":46}},"4":{"start":{"line":13,"column":32},"end":{"line":13,"column":46}},"5":{"start":{"line":14,"column":28},"end":{"line":14,"column":42}},"6":{"start":{"line":16,"column":2},"end":{"line":54,"column":16}},"7":{"start":{"line":17,"column":4},"end":{"line":20,"column":5}},"8":{"start":{"line":18,"column":6},"end":{"line":18,"column":24}},"9":{"start":{"line":19,"column":6},"end":{"line":19,"column":13}},"10":{"start":{"line":22,"column":20},"end":{"line":22,"column":25}},"11":{"start":{"line":23,"column":4},"end":{"line":23,"column":21}},"12":{"start":{"line":24,"column":4},"end":{"line":24,"column":19}},"13":{"start":{"line":26,"column":21},"end":{"line":26,"column":22}},"14":{"start":{"line":27,"column":25},"end":{"line":48,"column":5}},"15":{"start":{"line":28,"column":6},"end":{"line":47,"column":11}},"16":{"start":{"line":33,"column":10},"end":{"line":36,"column":11}},"17":{"start":{"line":34,"column":12},"end":{"line":34,"column":38}},"18":{"start":{"line":35,"column":12},"end":{"line":35,"column":30}},"19":{"start":{"line":39,"column":10},"end":{"line":46,"column":11}},"20":{"start":{"line":40,"column":12},"end":{"line":40,"column":28}},"21":{"start":{"line":41,"column":12},"end":{"line":41,"column":42}},"22":{"start":{"line":42,"column":17},"end":{"line":46,"column":11}},"23":{"start":{"line":43,"column":12},"end":{"line":43,"column":55}},"24":{"start":{"line":44,"column":12},"end":{"line":44,"column":76}},"25":{"start":{"line":45,"column":12},"end":{"line":45,"column":30}},"26":{"start":{"line":50,"column":4},"end":{"line":50,"column":19}},"27":{"start":{"line":51,"column":4},"end":{"line":53,"column":6}},"28":{"start":{"line":52,"column":6},"end":{"line":52,"column":23}},"29":{"start":{"line":56,"column":2},"end":{"line":56,"column":25}},"30":{"start":{"line":56,"column":13},"end":{"line":56,"column":25}},"31":{"start":{"line":58,"column":2},"end":{"line":71,"column":3}},"32":{"start":{"line":59,"column":4},"end":{"line":70,"column":6}},"33":{"start":{"line":73,"column":2},"end":{"line":87,"column":3}},"34":{"start":{"line":74,"column":4},"end":{"line":86,"column":6}},"35":{"start":{"line":90,"column":15},"end":{"line":90,"column":50}},"36":{"start":{"line":91,"column":20},"end":{"line":91,"column":64}},"37":{"start":{"line":92,"column":13},"end":{"line":92,"column":39}},"38":{"start":{"line":93,"column":22},"end":{"line":93,"column":71}},"39":{"start":{"line":94,"column":15},"end":{"line":94,"column":31}},"40":{"start":{"line":95,"column":19},"end":{"line":95,"column":46}},"41":{"start":{"line":96,"column":20},"end":{"line":96,"column":64}},"42":{"start":{"line":98,"column":2},"end":{"line":133,"column":4}},"43":{"start":{"line":136,"column":0},"end":{"line":138,"column":2}}},"fnMap":{"0":{"name":"(anonymous_0)","decl":{"start":{"line":10,"column":22},"end":{"line":10,"column":23}},"loc":{"start":{"line":10,"column":36},"end":{"line":134,"column":1}},"line":10},"1":{"name":"(anonymous_1)","decl":{"start":{"line":16,"column":12},"end":{"line":16,"column":13}},"loc":{"start":{"line":16,"column":18},"end":{"line":54,"column":3}},"line":16},"2":{"name":"(anonymous_2)","decl":{"start":{"line":27,"column":25},"end":{"line":27,"column":26}},"loc":{"start":{"line":27,"column":31},"end":{"line":48,"column":5}},"line":27},"3":{"name":"(anonymous_3)","decl":{"start":{"line":32,"column":14},"end":{"line":32,"column":15}},"loc":{"start":{"line":32,"column":28},"end":{"line":37,"column":9}},"line":32},"4":{"name":"(anonymous_4)","decl":{"start":{"line":38,"column":15},"end":{"line":38,"column":16}},"loc":{"start":{"line":38,"column":24},"end":{"line":47,"column":9}},"line":38},"5":{"name":"(anonymous_5)","decl":{"start":{"line":51,"column":11},"end":{"line":51,"column":12}},"loc":{"start":{"line":51,"column":17},"end":{"line":53,"column":5}},"line":51}},"branchMap":{"0":{"loc":{"start":{"line":17,"column":4},"end":{"line":20,"column":5}},"type":"if","locations":[{"start":{"line":17,"column":4},"end":{"line":20,"column":5}},{"start":{},"end":{}}],"line":17},"1":{"loc":{"start":{"line":33,"column":10},"end":{"line":36,"column":11}},"type":"if","locations":[{"start":{"line":33,"column":10},"end":{"line":36,"column":11}},{"start":{},"end":{}}],"line":33},"2":{"loc":{"start":{"line":39,"column":10},"end":{"line":46,"column":11}},"type":"if","locations":[{"start":{"line":39,"column":10},"end":{"line":46,"column":11}},{"start":{"line":42,"column":17},"end":{"line":46,"column":11}}],"line":39},"3":{"loc":{"start":{"line":42,"column":17},"end":{"line":46,"column":11}},"type":"if","locations":[{"start":{"line":42,"column":17},"end":{"line":46,"column":11}},{"start":{},"end":{}}],"line":42},"4":{"loc":{"start":{"line":56,"column":2},"end":{"line":56,"column":25}},"type":"if","locations":[{"start":{"line":56,"column":2},"end":{"line":56,"column":25}},{"start":{},"end":{}}],"line":56},"5":{"loc":{"start":{"line":58,"column":2},"end":{"line":71,"column":3}},"type":"if","locations":[{"start":{"line":58,"column":2},"end":{"line":71,"column":3}},{"start":{},"end":{}}],"line":58},"6":{"loc":{"start":{"line":73,"column":2},"end":{"line":87,"column":3}},"type":"if","locations":[{"start":{"line":73,"column":2},"end":{"line":87,"column":3}},{"start":{},"end":{}}],"line":73},"7":{"loc":{"start":{"line":73,"column":6},"end":{"line":73,"column":23}},"type":"binary-expr","locations":[{"start":{"line":73,"column":6},"end":{"line":73,"column":11}},{"start":{"line":73,"column":15},"end":{"line":73,"column":23}}],"line":73},"8":{"loc":{"start":{"line":82,"column":13},"end":{"line":82,"column":75}},"type":"binary-expr","locations":[{"start":{"line":82,"column":13},"end":{"line":82,"column":18}},{"start":{"line":82,"column":22},"end":{"line":82,"column":75}}],"line":82},"9":{"loc":{"start":{"line":90,"column":26},"end":{"line":90,"column":49}},"type":"binary-expr","locations":[{"start":{"line":90,"column":26},"end":{"line":90,"column":44}},{"start":{"line":90,"column":48},"end":{"line":90,"column":49}}],"line":90},"10":{"loc":{"start":{"line":91,"column":31},"end":{"line":91,"column":63}},"type":"binary-expr","locations":[{"start":{"line":91,"column":31},"end":{"line":91,"column":55}},{"start":{"line":91,"column":59},"end":{"line":91,"column":63}}],"line":91},"11":{"loc":{"start":{"line":92,"column":13},"end":{"line":92,"column":39}},"type":"binary-expr","locations":[{"start":{"line":92,"column":13},"end":{"line":92,"column":33}},{"start":{"line":92,"column":37},"end":{"line":92,"column":39}}],"line":92},"12":{"loc":{"start":{"line":93,"column":22},"end":{"line":93,"column":71}},"type":"binary-expr","locations":[{"start":{"line":93,"column":22},"end":{"line":93,"column":36}},{"start":{"line":93,"column":40},"end":{"line":93,"column":71}}],"line":93},"13":{"loc":{"start":{"line":94,"column":15},"end":{"line":94,"column":31}},"type":"binary-expr","locations":[{"start":{"line":94,"column":15},"end":{"line":94,"column":22}},{"start":{"line":94,"column":26},"end":{"line":94,"column":31}}],"line":94},"14":{"loc":{"start":{"line":95,"column":19},"end":{"line":95,"column":46}},"type":"binary-expr","locations":[{"start":{"line":95,"column":19},"end":{"line":95,"column":41}},{"start":{"line":95,"column":45},"end":{"line":95,"column":46}}],"line":95},"15":{"loc":{"start":{"line":96,"column":32},"end":{"line":96,"column":56}},"type":"binary-expr","locations":[{"start":{"line":96,"column":32},"end":{"line":96,"column":51}},{"start":{"line":96,"column":55},"end":{"line":96,"column":56}}],"line":96}},"s":{"0":0,"1":0,"2":0,"3":0,"4":0,"5":0,"6":0,"7":0,"8":0,"9":0,"10":0,"11":0,"12":0,"13":0,"14":0,"15":0,"16":0,"17":0,"18":0,"19":0,"20":0,"21":0,"22":0,"23":0,"24":0,"25":0,"26":0,"27":0,"28":0,"29":0,"30":0,"31":0,"32":0,"33":0,"34":0,"35":0,"36":0,"37":0,"38":0,"39":0,"40":0,"41":0,"42":0,"43":0},"f":{"0":0,"1":0,"2":0,"3":0,"4":0,"5":0},"b":{"0":[0,0],"1":[0,0],"2":[0,0],"3":[0,0],"4":[0,0],"5":[0,0],"6":[0,0],"7":[0,0],"8":[0,0],"9":[0,0],"10":[0,0],"11":[0,0],"12":[0,0],"13":[0,0],"14":[0,0],"15":[0,0]}}
,"/home/anoir/projects/onda-website/frontend/src/services/airportService.js": {"path":"/home/anoir/projects/onda-website/frontend/src/services/airportService.js","statementMap":{"0":{"start":{"line":3,"column":23},"end":{"line":19,"column":1}},"1":{"start":{"line":5,"column":21},"end":{"line":5,"column":47}},"2":{"start":{"line":6,"column":4},"end":{"line":6,"column":25}},"3":{"start":{"line":10,"column":21},"end":{"line":10,"column":53}},"4":{"start":{"line":11,"column":4},"end":{"line":11,"column":25}},"5":{"start":{"line":16,"column":21},"end":{"line":16,"column":55}},"6":{"start":{"line":17,"column":4},"end":{"line":17,"column":25}}},"fnMap":{"0":{"name":"(anonymous_0)","decl":{"start":{"line":4,"column":18},"end":{"line":4,"column":19}},"loc":{"start":{"line":4,"column":30},"end":{"line":7,"column":3}},"line":4},"1":{"name":"(anonymous_1)","decl":{"start":{"line":9,"column":18},"end":{"line":9,"column":19}},"loc":{"start":{"line":9,"column":32},"end":{"line":12,"column":3}},"line":9},"2":{"name":"(anonymous_2)","decl":{"start":{"line":14,"column":20},"end":{"line":14,"column":21}},"loc":{"start":{"line":14,"column":36},"end":{"line":18,"column":3}},"line":14}},"branchMap":{},"s":{"0":0,"1":0,"2":0,"3":0,"4":0,"5":0,"6":0},"f":{"0":0,"1":0,"2":0},"b":{}}
,"/home/anoir/projects/onda-website/frontend/src/services/api.js": {"path":"/home/anoir/projects/onda-website/frontend/src/services/api.js","statementMap":{"0":{"start":{"line":4,"column":16},"end":{"line":4,"column":22}},"1":{"start":{"line":7,"column":12},"end":{"line":12,"column":2}},"2":{"start":{"line":15,"column":30},"end":{"line":25,"column":1}},"3":{"start":{"line":18,"column":4},"end":{"line":18,"column":32}},"4":{"start":{"line":23,"column":4},"end":{"line":23,"column":40}},"5":{"start":{"line":28,"column":29},"end":{"line":49,"column":1}},"6":{"start":{"line":32,"column":26},"end":{"line":34,"column":12}},"7":{"start":{"line":36,"column":4},"end":{"line":42,"column":7}},"8":{"start":{"line":47,"column":4},"end":{"line":47,"column":37}}},"fnMap":{"0":{"name":"(anonymous_0)","decl":{"start":{"line":17,"column":18},"end":{"line":17,"column":19}},"loc":{"start":{"line":17,"column":24},"end":{"line":19,"column":3}},"line":17},"1":{"name":"(anonymous_1)","decl":{"start":{"line":22,"column":20},"end":{"line":22,"column":21}},"loc":{"start":{"line":22,"column":30},"end":{"line":24,"column":3}},"line":22},"2":{"name":"(anonymous_2)","decl":{"start":{"line":30,"column":17},"end":{"line":30,"column":18}},"loc":{"start":{"line":30,"column":47},"end":{"line":43,"column":3}},"line":30},"3":{"name":"(anonymous_3)","decl":{"start":{"line":46,"column":17},"end":{"line":46,"column":18}},"loc":{"start":{"line":46,"column":25},"end":{"line":48,"column":3}},"line":46}},"branchMap":{"0":{"loc":{"start":{"line":32,"column":26},"end":{"line":34,"column":12}},"type":"cond-expr","locations":[{"start":{"line":33,"column":8},"end":{"line":33,"column":40}},{"start":{"line":34,"column":8},"end":{"line":34,"column":12}}],"line":32}},"s":{"0":0,"1":0,"2":0,"3":0,"4":0,"5":0,"6":0,"7":0,"8":0},"f":{"0":0,"1":0,"2":0,"3":0},"b":{"0":[0,0]}}
,"/home/anoir/projects/onda-website/frontend/src/services/flightService.js": {"path":"/home/anoir/projects/onda-website/frontend/src/services/flightService.js","statementMap":{"0":{"start":{"line":4,"column":19},"end":{"line":4,"column":69}},"1":{"start":{"line":4,"column":26},"end":{"line":4,"column":69}},"2":{"start":{"line":6,"column":22},"end":{"line":30,"column":1}},"3":{"start":{"line":8,"column":21},"end":{"line":8,"column":46}},"4":{"start":{"line":9,"column":4},"end":{"line":9,"column":16}},"5":{"start":{"line":13,"column":21},"end":{"line":13,"column":69}},"6":{"start":{"line":14,"column":4},"end":{"line":14,"column":16}},"7":{"start":{"line":18,"column":21},"end":{"line":20,"column":6}},"8":{"start":{"line":21,"column":4},"end":{"line":21,"column":16}},"9":{"start":{"line":25,"column":21},"end":{"line":27,"column":6}},"10":{"start":{"line":28,"column":4},"end":{"line":28,"column":16}}},"fnMap":{"0":{"name":"(anonymous_0)","decl":{"start":{"line":4,"column":19},"end":{"line":4,"column":20}},"loc":{"start":{"line":4,"column":26},"end":{"line":4,"column":69}},"line":4},"1":{"name":"(anonymous_1)","decl":{"start":{"line":7,"column":17},"end":{"line":7,"column":18}},"loc":{"start":{"line":7,"column":29},"end":{"line":10,"column":3}},"line":7},"2":{"name":"(anonymous_2)","decl":{"start":{"line":12,"column":21},"end":{"line":12,"column":22}},"loc":{"start":{"line":12,"column":45},"end":{"line":15,"column":3}},"line":12},"3":{"name":"(anonymous_3)","decl":{"start":{"line":17,"column":17},"end":{"line":17,"column":18}},"loc":{"start":{"line":17,"column":44},"end":{"line":22,"column":3}},"line":17},"4":{"name":"(anonymous_4)","decl":{"start":{"line":24,"column":15},"end":{"line":24,"column":16}},"loc":{"start":{"line":24,"column":42},"end":{"line":29,"column":3}},"line":24}},"branchMap":{"0":{"loc":{"start":{"line":4,"column":26},"end":{"line":4,"column":69}},"type":"binary-expr","locations":[{"start":{"line":4,"column":26},"end":{"line":4,"column":27}},{"start":{"line":4,"column":31},"end":{"line":4,"column":69}}],"line":4}},"s":{"0":0,"1":0,"2":0,"3":0,"4":0,"5":0,"6":0,"7":0,"8":0,"9":0,"10":0},"f":{"0":0,"1":0,"2":0,"3":0,"4":0},"b":{"0":[0,0]}}
,"/home/anoir/projects/onda-website/frontend/src/services/weatherService.js": {"path":"/home/anoir/projects/onda-website/frontend/src/services/weatherService.js","statementMap":{"0":{"start":{"line":3,"column":23},"end":{"line":45,"column":1}},"1":{"start":{"line":10,"column":4},"end":{"line":19,"column":5}},"2":{"start":{"line":11,"column":6},"end":{"line":11,"column":58}},"3":{"start":{"line":13,"column":23},"end":{"line":13,"column":75}},"4":{"start":{"line":14,"column":6},"end":{"line":14,"column":59}},"5":{"start":{"line":15,"column":6},"end":{"line":15,"column":27}},"6":{"start":{"line":17,"column":6},"end":{"line":17,"column":67}},"7":{"start":{"line":18,"column":6},"end":{"line":18,"column":18}},"8":{"start":{"line":28,"column":4},"end":{"line":34,"column":5}},"9":{"start":{"line":29,"column":23},"end":{"line":29,"column":76}},"10":{"start":{"line":30,"column":6},"end":{"line":30,"column":27}},"11":{"start":{"line":32,"column":6},"end":{"line":32,"column":68}},"12":{"start":{"line":33,"column":6},"end":{"line":33,"column":18}},"13":{"start":{"line":43,"column":4},"end":{"line":43,"column":66}}},"fnMap":{"0":{"name":"(anonymous_0)","decl":{"start":{"line":9,"column":20},"end":{"line":9,"column":21}},"loc":{"start":{"line":9,"column":36},"end":{"line":20,"column":3}},"line":9},"1":{"name":"(anonymous_1)","decl":{"start":{"line":27,"column":21},"end":{"line":27,"column":22}},"loc":{"start":{"line":27,"column":37},"end":{"line":35,"column":3}},"line":27},"2":{"name":"(anonymous_2)","decl":{"start":{"line":42,"column":21},"end":{"line":42,"column":22}},"loc":{"start":{"line":42,"column":35},"end":{"line":44,"column":3}},"line":42}},"branchMap":{},"s":{"0":0,"1":0,"2":0,"3":0,"4":0,"5":0,"6":0,"7":0,"8":0,"9":0,"10":0,"11":0,"12":0,"13":0},"f":{"0":0,"1":0,"2":0},"b":{}}
}
